2023-12-24 00:14:17,745:INFO: Loading the datasets...
2023-12-24 00:14:21,886:INFO: - done.
2023-12-24 00:14:24,931:INFO: Experiment - model version: cnn_distill
2023-12-24 00:14:24,931:INFO: Starting training for 30 epoch(s)
2023-12-24 00:14:24,931:INFO: First, loading the teacher model and computing its outputs...
2023-12-24 00:14:24,933:INFO: Epoch 1/30
2023-12-24 00:14:39,993:INFO: - Train metrics: accuracy: 0.422 ; loss: 0.536
2023-12-24 00:14:41,334:INFO: - Eval metrics : accuracy: 0.608 ; loss: 0.000
2023-12-24 00:14:41,355:INFO: - Found new best accuracy
2023-12-24 00:14:41,356:INFO: Epoch 2/30
2023-12-24 00:14:51,935:INFO: - Train metrics: accuracy: 0.602 ; loss: 0.377
2023-12-24 00:14:53,134:INFO: - Eval metrics : accuracy: 0.700 ; loss: 0.000
2023-12-24 00:14:53,186:INFO: - Found new best accuracy
2023-12-24 00:14:53,186:INFO: Epoch 3/30
2023-12-24 00:15:04,430:INFO: - Train metrics: accuracy: 0.691 ; loss: 0.304
2023-12-24 00:15:05,746:INFO: - Eval metrics : accuracy: 0.727 ; loss: 0.000
2023-12-24 00:15:05,789:INFO: - Found new best accuracy
2023-12-24 00:15:05,790:INFO: Epoch 4/30
2023-12-24 00:15:17,142:INFO: - Train metrics: accuracy: 0.691 ; loss: 0.280
2023-12-24 00:15:18,329:INFO: - Eval metrics : accuracy: 0.730 ; loss: 0.000
2023-12-24 00:15:18,363:INFO: - Found new best accuracy
2023-12-24 00:15:18,374:INFO: Epoch 5/30
2023-12-24 00:15:29,499:INFO: - Train metrics: accuracy: 0.738 ; loss: 0.268
2023-12-24 00:15:30,655:INFO: - Eval metrics : accuracy: 0.747 ; loss: 0.000
2023-12-24 00:15:30,683:INFO: - Found new best accuracy
2023-12-24 00:15:30,707:INFO: Epoch 6/30
2023-12-24 00:15:41,588:INFO: - Train metrics: accuracy: 0.738 ; loss: 0.246
2023-12-24 00:15:42,873:INFO: - Eval metrics : accuracy: 0.772 ; loss: 0.000
2023-12-24 00:15:42,918:INFO: - Found new best accuracy
2023-12-24 00:15:42,938:INFO: Epoch 7/30
2023-12-24 00:15:53,584:INFO: - Train metrics: accuracy: 0.736 ; loss: 0.243
2023-12-24 00:15:54,788:INFO: - Eval metrics : accuracy: 0.775 ; loss: 0.000
2023-12-24 00:15:54,874:INFO: - Found new best accuracy
2023-12-24 00:15:54,898:INFO: Epoch 8/30
2023-12-24 00:16:05,916:INFO: - Train metrics: accuracy: 0.766 ; loss: 0.232
2023-12-24 00:16:07,127:INFO: - Eval metrics : accuracy: 0.796 ; loss: 0.000
2023-12-24 00:16:07,159:INFO: - Found new best accuracy
2023-12-24 00:16:07,160:INFO: Epoch 9/30
2023-12-24 00:16:18,135:INFO: - Train metrics: accuracy: 0.777 ; loss: 0.215
2023-12-24 00:16:19,252:INFO: - Eval metrics : accuracy: 0.797 ; loss: 0.000
2023-12-24 00:16:19,297:INFO: - Found new best accuracy
2023-12-24 00:16:19,298:INFO: Epoch 10/30
2023-12-24 00:16:30,243:INFO: - Train metrics: accuracy: 0.779 ; loss: 0.211
2023-12-24 00:16:31,417:INFO: - Eval metrics : accuracy: 0.786 ; loss: 0.000
2023-12-24 00:16:31,440:INFO: Epoch 11/30
2023-12-24 00:16:42,112:INFO: - Train metrics: accuracy: 0.789 ; loss: 0.217
2023-12-24 00:16:43,201:INFO: - Eval metrics : accuracy: 0.803 ; loss: 0.000
2023-12-24 00:16:43,234:INFO: - Found new best accuracy
2023-12-24 00:16:43,253:INFO: Epoch 12/30
2023-12-24 00:16:54,485:INFO: - Train metrics: accuracy: 0.783 ; loss: 0.205
2023-12-24 00:16:55,634:INFO: - Eval metrics : accuracy: 0.812 ; loss: 0.000
2023-12-24 00:16:55,671:INFO: - Found new best accuracy
2023-12-24 00:16:55,671:INFO: Epoch 13/30
2023-12-24 00:17:06,947:INFO: - Train metrics: accuracy: 0.771 ; loss: 0.216
2023-12-24 00:17:08,074:INFO: - Eval metrics : accuracy: 0.812 ; loss: 0.000
2023-12-24 00:17:08,102:INFO: Epoch 14/30
2023-12-24 00:17:17,713:INFO: - Train metrics: accuracy: 0.779 ; loss: 0.212
2023-12-24 00:17:18,855:INFO: - Eval metrics : accuracy: 0.814 ; loss: 0.000
2023-12-24 00:17:18,889:INFO: - Found new best accuracy
2023-12-24 00:17:18,907:INFO: Epoch 15/30
2023-12-24 00:17:30,344:INFO: - Train metrics: accuracy: 0.811 ; loss: 0.185
2023-12-24 00:17:31,651:INFO: - Eval metrics : accuracy: 0.803 ; loss: 0.000
2023-12-24 00:17:31,676:INFO: Epoch 16/30
2023-12-24 00:17:42,400:INFO: - Train metrics: accuracy: 0.791 ; loss: 0.202
2023-12-24 00:17:43,823:INFO: - Eval metrics : accuracy: 0.811 ; loss: 0.000
2023-12-24 00:17:43,846:INFO: Epoch 17/30
2023-12-24 00:17:53,609:INFO: - Train metrics: accuracy: 0.807 ; loss: 0.174
2023-12-24 00:17:54,934:INFO: - Eval metrics : accuracy: 0.812 ; loss: 0.000
2023-12-24 00:17:54,960:INFO: Epoch 18/30
2023-12-24 00:18:04,881:INFO: - Train metrics: accuracy: 0.803 ; loss: 0.188
2023-12-24 00:18:06,374:INFO: - Eval metrics : accuracy: 0.832 ; loss: 0.000
2023-12-24 00:18:06,422:INFO: - Found new best accuracy
2023-12-24 00:18:06,422:INFO: Epoch 19/30
2023-12-24 00:18:16,520:INFO: - Train metrics: accuracy: 0.818 ; loss: 0.167
2023-12-24 00:18:17,751:INFO: - Eval metrics : accuracy: 0.830 ; loss: 0.000
2023-12-24 00:18:17,777:INFO: Epoch 20/30
2023-12-24 00:18:27,602:INFO: - Train metrics: accuracy: 0.795 ; loss: 0.180
2023-12-24 00:18:28,940:INFO: - Eval metrics : accuracy: 0.834 ; loss: 0.000
2023-12-24 00:18:28,964:INFO: - Found new best accuracy
2023-12-24 00:18:28,965:INFO: Epoch 21/30
2023-12-24 00:18:38,892:INFO: - Train metrics: accuracy: 0.844 ; loss: 0.164
2023-12-24 00:18:40,160:INFO: - Eval metrics : accuracy: 0.821 ; loss: 0.000
2023-12-24 00:18:40,190:INFO: Epoch 22/30
2023-12-24 00:18:50,407:INFO: - Train metrics: accuracy: 0.816 ; loss: 0.173
2023-12-24 00:18:51,748:INFO: - Eval metrics : accuracy: 0.833 ; loss: 0.000
2023-12-24 00:18:51,775:INFO: Epoch 23/30
2023-12-24 00:19:03,265:INFO: - Train metrics: accuracy: 0.822 ; loss: 0.174
2023-12-24 00:19:04,318:INFO: - Eval metrics : accuracy: 0.829 ; loss: 0.000
2023-12-24 00:19:04,346:INFO: Epoch 24/30
2023-12-24 00:19:15,874:INFO: - Train metrics: accuracy: 0.809 ; loss: 0.177
2023-12-24 00:19:17,052:INFO: - Eval metrics : accuracy: 0.836 ; loss: 0.000
2023-12-24 00:19:17,083:INFO: - Found new best accuracy
2023-12-24 00:19:17,092:INFO: Epoch 25/30
2023-12-24 00:19:27,777:INFO: - Train metrics: accuracy: 0.840 ; loss: 0.158
2023-12-24 00:19:28,835:INFO: - Eval metrics : accuracy: 0.834 ; loss: 0.000
2023-12-24 00:19:28,857:INFO: Epoch 26/30
2023-12-24 00:19:40,357:INFO: - Train metrics: accuracy: 0.820 ; loss: 0.162
2023-12-24 00:19:41,469:INFO: - Eval metrics : accuracy: 0.835 ; loss: 0.000
2023-12-24 00:19:41,487:INFO: Epoch 27/30
2023-12-24 00:19:52,890:INFO: - Train metrics: accuracy: 0.830 ; loss: 0.171
2023-12-24 00:19:54,113:INFO: - Eval metrics : accuracy: 0.836 ; loss: 0.000
2023-12-24 00:19:54,158:INFO: - Found new best accuracy
2023-12-24 00:19:54,159:INFO: Epoch 28/30
2023-12-24 00:20:04,971:INFO: - Train metrics: accuracy: 0.818 ; loss: 0.153
2023-12-24 00:20:06,119:INFO: - Eval metrics : accuracy: 0.833 ; loss: 0.000
2023-12-24 00:20:06,148:INFO: Epoch 29/30
2023-12-24 00:20:17,354:INFO: - Train metrics: accuracy: 0.850 ; loss: 0.152
2023-12-24 00:20:18,547:INFO: - Eval metrics : accuracy: 0.841 ; loss: 0.000
2023-12-24 00:20:18,574:INFO: - Found new best accuracy
2023-12-24 00:20:18,607:INFO: Epoch 30/30
2023-12-24 00:20:29,978:INFO: - Train metrics: accuracy: 0.812 ; loss: 0.162
2023-12-24 00:20:31,272:INFO: - Eval metrics : accuracy: 0.841 ; loss: 0.000
