2023-12-23 23:21:05,894:INFO: Loading the datasets...
2023-12-23 23:21:11,542:INFO: - done.
2023-12-23 23:21:14,346:INFO: Experiment - model version: cnn_distill
2023-12-23 23:21:14,347:INFO: Starting training for 30 epoch(s)
2023-12-23 23:21:14,347:INFO: First, loading the teacher model and computing its outputs...
2023-12-23 23:21:14,348:INFO: Epoch 1/30
2023-12-23 23:21:29,193:INFO: - Train metrics: accuracy: 0.398 ; loss: 0.639
2023-12-23 23:21:30,484:INFO: - Eval metrics : accuracy: 0.650 ; loss: 0.000
2023-12-23 23:21:30,508:INFO: - Found new best accuracy
2023-12-23 23:21:30,509:INFO: Epoch 2/30
2023-12-23 23:21:41,499:INFO: - Train metrics: accuracy: 0.596 ; loss: 0.446
2023-12-23 23:21:43,010:INFO: - Eval metrics : accuracy: 0.699 ; loss: 0.000
2023-12-23 23:21:43,105:INFO: - Found new best accuracy
2023-12-23 23:21:43,112:INFO: Epoch 3/30
2023-12-23 23:21:51,682:INFO: - Train metrics: accuracy: 0.666 ; loss: 0.381
2023-12-23 23:21:52,816:INFO: - Eval metrics : accuracy: 0.725 ; loss: 0.000
2023-12-23 23:21:52,929:INFO: - Found new best accuracy
2023-12-23 23:21:52,930:INFO: Epoch 4/30
2023-12-23 23:22:04,168:INFO: - Train metrics: accuracy: 0.721 ; loss: 0.368
2023-12-23 23:22:05,229:INFO: - Eval metrics : accuracy: 0.746 ; loss: 0.000
2023-12-23 23:22:05,299:INFO: - Found new best accuracy
2023-12-23 23:22:05,300:INFO: Epoch 5/30
2023-12-23 23:22:16,572:INFO: - Train metrics: accuracy: 0.711 ; loss: 0.343
2023-12-23 23:22:17,775:INFO: - Eval metrics : accuracy: 0.761 ; loss: 0.000
2023-12-23 23:22:17,808:INFO: - Found new best accuracy
2023-12-23 23:22:17,822:INFO: Epoch 6/30
2023-12-23 23:22:27,043:INFO: - Train metrics: accuracy: 0.703 ; loss: 0.341
2023-12-23 23:22:28,331:INFO: - Eval metrics : accuracy: 0.775 ; loss: 0.000
2023-12-23 23:22:28,403:INFO: - Found new best accuracy
2023-12-23 23:22:28,403:INFO: Epoch 7/30
2023-12-23 23:22:39,617:INFO: - Train metrics: accuracy: 0.738 ; loss: 0.317
2023-12-23 23:22:40,722:INFO: - Eval metrics : accuracy: 0.781 ; loss: 0.000
2023-12-23 23:22:40,777:INFO: - Found new best accuracy
2023-12-23 23:22:40,782:INFO: Epoch 8/30
2023-12-23 23:22:52,070:INFO: - Train metrics: accuracy: 0.746 ; loss: 0.299
2023-12-23 23:22:53,180:INFO: - Eval metrics : accuracy: 0.786 ; loss: 0.000
2023-12-23 23:22:53,219:INFO: - Found new best accuracy
2023-12-23 23:22:53,223:INFO: Epoch 9/30
2023-12-23 23:23:03,521:INFO: - Train metrics: accuracy: 0.773 ; loss: 0.287
2023-12-23 23:23:04,683:INFO: - Eval metrics : accuracy: 0.790 ; loss: 0.000
2023-12-23 23:23:04,706:INFO: - Found new best accuracy
2023-12-23 23:23:04,708:INFO: Epoch 10/30
2023-12-23 23:23:15,833:INFO: - Train metrics: accuracy: 0.740 ; loss: 0.296
2023-12-23 23:23:16,986:INFO: - Eval metrics : accuracy: 0.786 ; loss: 0.000
2023-12-23 23:23:17,008:INFO: Epoch 11/30
2023-12-23 23:23:28,382:INFO: - Train metrics: accuracy: 0.793 ; loss: 0.276
2023-12-23 23:23:29,619:INFO: - Eval metrics : accuracy: 0.783 ; loss: 0.000
2023-12-23 23:23:29,637:INFO: Epoch 12/30
2023-12-23 23:23:39,999:INFO: - Train metrics: accuracy: 0.775 ; loss: 0.284
2023-12-23 23:23:41,084:INFO: - Eval metrics : accuracy: 0.804 ; loss: 0.000
2023-12-23 23:23:41,154:INFO: - Found new best accuracy
2023-12-23 23:23:41,180:INFO: Epoch 13/30
2023-12-23 23:23:51,805:INFO: - Train metrics: accuracy: 0.795 ; loss: 0.266
2023-12-23 23:23:52,926:INFO: - Eval metrics : accuracy: 0.811 ; loss: 0.000
2023-12-23 23:23:52,959:INFO: - Found new best accuracy
2023-12-23 23:23:52,968:INFO: Epoch 14/30
2023-12-23 23:24:03,845:INFO: - Train metrics: accuracy: 0.787 ; loss: 0.276
2023-12-23 23:24:05,036:INFO: - Eval metrics : accuracy: 0.812 ; loss: 0.000
2023-12-23 23:24:05,076:INFO: - Found new best accuracy
2023-12-23 23:24:05,077:INFO: Epoch 15/30
2023-12-23 23:24:16,713:INFO: - Train metrics: accuracy: 0.814 ; loss: 0.267
2023-12-23 23:24:17,893:INFO: - Eval metrics : accuracy: 0.812 ; loss: 0.000
2023-12-23 23:24:17,910:INFO: Epoch 16/30
2023-12-23 23:24:28,814:INFO: - Train metrics: accuracy: 0.793 ; loss: 0.277
2023-12-23 23:24:29,969:INFO: - Eval metrics : accuracy: 0.804 ; loss: 0.000
2023-12-23 23:24:29,993:INFO: Epoch 17/30
2023-12-23 23:24:41,046:INFO: - Train metrics: accuracy: 0.816 ; loss: 0.251
2023-12-23 23:24:42,246:INFO: - Eval metrics : accuracy: 0.819 ; loss: 0.000
2023-12-23 23:24:42,285:INFO: - Found new best accuracy
2023-12-23 23:24:42,286:INFO: Epoch 18/30
2023-12-23 23:24:53,246:INFO: - Train metrics: accuracy: 0.795 ; loss: 0.266
2023-12-23 23:24:54,389:INFO: - Eval metrics : accuracy: 0.825 ; loss: 0.000
2023-12-23 23:24:54,419:INFO: - Found new best accuracy
2023-12-23 23:24:54,420:INFO: Epoch 19/30
2023-12-23 23:25:04,871:INFO: - Train metrics: accuracy: 0.807 ; loss: 0.266
2023-12-23 23:25:06,145:INFO: - Eval metrics : accuracy: 0.822 ; loss: 0.000
2023-12-23 23:25:06,175:INFO: Epoch 20/30
2023-12-23 23:25:17,479:INFO: - Train metrics: accuracy: 0.803 ; loss: 0.249
2023-12-23 23:25:18,584:INFO: - Eval metrics : accuracy: 0.820 ; loss: 0.000
2023-12-23 23:25:18,604:INFO: Epoch 21/30
2023-12-23 23:25:29,659:INFO: - Train metrics: accuracy: 0.812 ; loss: 0.271
2023-12-23 23:25:30,828:INFO: - Eval metrics : accuracy: 0.824 ; loss: 0.000
2023-12-23 23:25:30,854:INFO: Epoch 22/30
2023-12-23 23:25:41,895:INFO: - Train metrics: accuracy: 0.844 ; loss: 0.228
2023-12-23 23:25:43,092:INFO: - Eval metrics : accuracy: 0.823 ; loss: 0.000
2023-12-23 23:25:43,122:INFO: Epoch 23/30
2023-12-23 23:25:54,580:INFO: - Train metrics: accuracy: 0.838 ; loss: 0.238
2023-12-23 23:25:55,671:INFO: - Eval metrics : accuracy: 0.830 ; loss: 0.000
2023-12-23 23:25:55,690:INFO: - Found new best accuracy
2023-12-23 23:25:55,713:INFO: Epoch 24/30
2023-12-23 23:26:06,357:INFO: - Train metrics: accuracy: 0.826 ; loss: 0.243
2023-12-23 23:26:07,503:INFO: - Eval metrics : accuracy: 0.828 ; loss: 0.000
2023-12-23 23:26:07,561:INFO: Epoch 25/30
2023-12-23 23:26:17,934:INFO: - Train metrics: accuracy: 0.824 ; loss: 0.243
2023-12-23 23:26:19,454:INFO: - Eval metrics : accuracy: 0.820 ; loss: 0.000
2023-12-23 23:26:19,494:INFO: Epoch 26/30
2023-12-23 23:26:30,513:INFO: - Train metrics: accuracy: 0.826 ; loss: 0.237
2023-12-23 23:26:31,610:INFO: - Eval metrics : accuracy: 0.837 ; loss: 0.000
2023-12-23 23:26:31,674:INFO: - Found new best accuracy
2023-12-23 23:26:31,675:INFO: Epoch 27/30
2023-12-23 23:26:42,290:INFO: - Train metrics: accuracy: 0.830 ; loss: 0.250
2023-12-23 23:26:43,408:INFO: - Eval metrics : accuracy: 0.833 ; loss: 0.000
2023-12-23 23:26:43,434:INFO: Epoch 28/30
2023-12-23 23:26:54,354:INFO: - Train metrics: accuracy: 0.848 ; loss: 0.231
2023-12-23 23:26:55,681:INFO: - Eval metrics : accuracy: 0.834 ; loss: 0.000
2023-12-23 23:26:55,707:INFO: Epoch 29/30
2023-12-23 23:27:06,574:INFO: - Train metrics: accuracy: 0.842 ; loss: 0.232
2023-12-23 23:27:07,705:INFO: - Eval metrics : accuracy: 0.836 ; loss: 0.000
2023-12-23 23:27:07,732:INFO: Epoch 30/30
2023-12-23 23:27:18,837:INFO: - Train metrics: accuracy: 0.820 ; loss: 0.250
2023-12-23 23:27:20,081:INFO: - Eval metrics : accuracy: 0.840 ; loss: 0.000
2023-12-23 23:27:20,122:INFO: - Found new best accuracy
