2023-12-23 23:27:23,555:INFO: Loading the datasets...
2023-12-23 23:27:27,980:INFO: - done.
2023-12-23 23:27:30,871:INFO: Experiment - model version: cnn_distill
2023-12-23 23:27:30,871:INFO: Starting training for 30 epoch(s)
2023-12-23 23:27:30,871:INFO: First, loading the teacher model and computing its outputs...
2023-12-23 23:27:30,872:INFO: Epoch 1/30
2023-12-23 23:27:46,082:INFO: - Train metrics: accuracy: 0.402 ; loss: 0.775
2023-12-23 23:27:47,261:INFO: - Eval metrics : accuracy: 0.656 ; loss: 0.000
2023-12-23 23:27:47,282:INFO: - Found new best accuracy
2023-12-23 23:27:47,283:INFO: Epoch 2/30
2023-12-23 23:27:58,353:INFO: - Train metrics: accuracy: 0.619 ; loss: 0.525
2023-12-23 23:27:59,669:INFO: - Eval metrics : accuracy: 0.703 ; loss: 0.000
2023-12-23 23:27:59,711:INFO: - Found new best accuracy
2023-12-23 23:27:59,711:INFO: Epoch 3/30
2023-12-23 23:28:08,754:INFO: - Train metrics: accuracy: 0.668 ; loss: 0.450
2023-12-23 23:28:10,013:INFO: - Eval metrics : accuracy: 0.729 ; loss: 0.000
2023-12-23 23:28:10,039:INFO: - Found new best accuracy
2023-12-23 23:28:10,077:INFO: Epoch 4/30
2023-12-23 23:28:17,048:INFO: - Train metrics: accuracy: 0.729 ; loss: 0.438
2023-12-23 23:28:18,297:INFO: - Eval metrics : accuracy: 0.750 ; loss: 0.000
2023-12-23 23:28:18,322:INFO: - Found new best accuracy
2023-12-23 23:28:18,359:INFO: Epoch 5/30
2023-12-23 23:28:25,144:INFO: - Train metrics: accuracy: 0.713 ; loss: 0.418
2023-12-23 23:28:26,266:INFO: - Eval metrics : accuracy: 0.755 ; loss: 0.000
2023-12-23 23:28:26,288:INFO: - Found new best accuracy
2023-12-23 23:28:26,327:INFO: Epoch 6/30
2023-12-23 23:28:33,289:INFO: - Train metrics: accuracy: 0.697 ; loss: 0.420
2023-12-23 23:28:34,422:INFO: - Eval metrics : accuracy: 0.771 ; loss: 0.000
2023-12-23 23:28:34,468:INFO: - Found new best accuracy
2023-12-23 23:28:34,469:INFO: Epoch 7/30
2023-12-23 23:28:41,343:INFO: - Train metrics: accuracy: 0.746 ; loss: 0.389
2023-12-23 23:28:42,479:INFO: - Eval metrics : accuracy: 0.771 ; loss: 0.000
2023-12-23 23:28:42,505:INFO: - Found new best accuracy
2023-12-23 23:28:42,544:INFO: Epoch 8/30
2023-12-23 23:28:49,386:INFO: - Train metrics: accuracy: 0.760 ; loss: 0.364
2023-12-23 23:28:50,401:INFO: - Eval metrics : accuracy: 0.785 ; loss: 0.000
2023-12-23 23:28:50,455:INFO: - Found new best accuracy
2023-12-23 23:28:50,456:INFO: Epoch 9/30
2023-12-23 23:28:57,332:INFO: - Train metrics: accuracy: 0.783 ; loss: 0.344
2023-12-23 23:28:58,417:INFO: - Eval metrics : accuracy: 0.786 ; loss: 0.000
2023-12-23 23:28:58,442:INFO: - Found new best accuracy
2023-12-23 23:28:58,471:INFO: Epoch 10/30
2023-12-23 23:29:05,501:INFO: - Train metrics: accuracy: 0.760 ; loss: 0.355
2023-12-23 23:29:06,722:INFO: - Eval metrics : accuracy: 0.794 ; loss: 0.000
2023-12-23 23:29:06,764:INFO: - Found new best accuracy
2023-12-23 23:29:06,765:INFO: Epoch 11/30
2023-12-23 23:29:13,627:INFO: - Train metrics: accuracy: 0.793 ; loss: 0.334
2023-12-23 23:29:14,744:INFO: - Eval metrics : accuracy: 0.775 ; loss: 0.000
2023-12-23 23:29:14,763:INFO: Epoch 12/30
2023-12-23 23:29:21,445:INFO: - Train metrics: accuracy: 0.775 ; loss: 0.345
2023-12-23 23:29:22,668:INFO: - Eval metrics : accuracy: 0.799 ; loss: 0.000
2023-12-23 23:29:22,707:INFO: - Found new best accuracy
2023-12-23 23:29:22,708:INFO: Epoch 13/30
2023-12-23 23:29:29,269:INFO: - Train metrics: accuracy: 0.797 ; loss: 0.326
2023-12-23 23:29:30,336:INFO: - Eval metrics : accuracy: 0.812 ; loss: 0.000
2023-12-23 23:29:30,363:INFO: - Found new best accuracy
2023-12-23 23:29:30,364:INFO: Epoch 14/30
2023-12-23 23:29:37,402:INFO: - Train metrics: accuracy: 0.783 ; loss: 0.330
2023-12-23 23:29:38,493:INFO: - Eval metrics : accuracy: 0.810 ; loss: 0.000
2023-12-23 23:29:38,517:INFO: Epoch 15/30
2023-12-23 23:29:45,332:INFO: - Train metrics: accuracy: 0.840 ; loss: 0.310
2023-12-23 23:29:46,375:INFO: - Eval metrics : accuracy: 0.812 ; loss: 0.000
2023-12-23 23:29:46,428:INFO: - Found new best accuracy
2023-12-23 23:29:46,428:INFO: Epoch 16/30
2023-12-23 23:29:53,286:INFO: - Train metrics: accuracy: 0.822 ; loss: 0.315
2023-12-23 23:29:54,380:INFO: - Eval metrics : accuracy: 0.818 ; loss: 0.000
2023-12-23 23:29:54,435:INFO: - Found new best accuracy
2023-12-23 23:29:54,436:INFO: Epoch 17/30
2023-12-23 23:30:01,455:INFO: - Train metrics: accuracy: 0.803 ; loss: 0.304
2023-12-23 23:30:02,528:INFO: - Eval metrics : accuracy: 0.810 ; loss: 0.000
2023-12-23 23:30:02,551:INFO: Epoch 18/30
2023-12-23 23:30:09,786:INFO: - Train metrics: accuracy: 0.801 ; loss: 0.325
2023-12-23 23:30:11,022:INFO: - Eval metrics : accuracy: 0.829 ; loss: 0.000
2023-12-23 23:30:11,075:INFO: - Found new best accuracy
2023-12-23 23:30:11,076:INFO: Epoch 19/30
2023-12-23 23:30:18,133:INFO: - Train metrics: accuracy: 0.799 ; loss: 0.325
2023-12-23 23:30:19,252:INFO: - Eval metrics : accuracy: 0.822 ; loss: 0.000
2023-12-23 23:30:19,282:INFO: Epoch 20/30
2023-12-23 23:30:26,077:INFO: - Train metrics: accuracy: 0.811 ; loss: 0.295
2023-12-23 23:30:27,376:INFO: - Eval metrics : accuracy: 0.823 ; loss: 0.000
2023-12-23 23:30:27,439:INFO: Epoch 21/30
2023-12-23 23:30:34,405:INFO: - Train metrics: accuracy: 0.787 ; loss: 0.323
2023-12-23 23:30:35,598:INFO: - Eval metrics : accuracy: 0.833 ; loss: 0.000
2023-12-23 23:30:35,685:INFO: - Found new best accuracy
2023-12-23 23:30:35,686:INFO: Epoch 22/30
2023-12-23 23:30:43,034:INFO: - Train metrics: accuracy: 0.838 ; loss: 0.266
2023-12-23 23:30:44,179:INFO: - Eval metrics : accuracy: 0.830 ; loss: 0.000
2023-12-23 23:30:44,218:INFO: Epoch 23/30
2023-12-23 23:30:51,132:INFO: - Train metrics: accuracy: 0.846 ; loss: 0.290
2023-12-23 23:30:52,168:INFO: - Eval metrics : accuracy: 0.832 ; loss: 0.000
2023-12-23 23:30:52,188:INFO: Epoch 24/30
2023-12-23 23:31:03,093:INFO: - Train metrics: accuracy: 0.846 ; loss: 0.278
2023-12-23 23:31:04,543:INFO: - Eval metrics : accuracy: 0.828 ; loss: 0.000
2023-12-23 23:31:04,567:INFO: Epoch 25/30
2023-12-23 23:31:15,484:INFO: - Train metrics: accuracy: 0.842 ; loss: 0.281
2023-12-23 23:31:16,604:INFO: - Eval metrics : accuracy: 0.829 ; loss: 0.000
2023-12-23 23:31:16,623:INFO: Epoch 26/30
2023-12-23 23:31:27,773:INFO: - Train metrics: accuracy: 0.836 ; loss: 0.285
2023-12-23 23:31:28,886:INFO: - Eval metrics : accuracy: 0.840 ; loss: 0.000
2023-12-23 23:31:28,914:INFO: - Found new best accuracy
2023-12-23 23:31:28,914:INFO: Epoch 27/30
2023-12-23 23:31:38,187:INFO: - Train metrics: accuracy: 0.848 ; loss: 0.281
2023-12-23 23:31:39,367:INFO: - Eval metrics : accuracy: 0.830 ; loss: 0.000
2023-12-23 23:31:39,391:INFO: Epoch 28/30
2023-12-23 23:31:50,409:INFO: - Train metrics: accuracy: 0.848 ; loss: 0.270
2023-12-23 23:31:51,569:INFO: - Eval metrics : accuracy: 0.827 ; loss: 0.000
2023-12-23 23:31:51,598:INFO: Epoch 29/30
2023-12-23 23:32:02,683:INFO: - Train metrics: accuracy: 0.820 ; loss: 0.287
2023-12-23 23:32:03,792:INFO: - Eval metrics : accuracy: 0.834 ; loss: 0.000
2023-12-23 23:32:03,813:INFO: Epoch 30/30
2023-12-23 23:32:10,739:INFO: - Train metrics: accuracy: 0.820 ; loss: 0.292
2023-12-23 23:32:11,818:INFO: - Eval metrics : accuracy: 0.839 ; loss: 0.000
