2023-12-24 00:03:44,807:INFO: Loading the datasets...
2023-12-24 00:03:48,687:INFO: - done.
2023-12-24 00:03:51,579:INFO: Experiment - model version: cnn_distill
2023-12-24 00:03:51,580:INFO: Starting training for 30 epoch(s)
2023-12-24 00:03:51,580:INFO: First, loading the teacher model and computing its outputs...
2023-12-24 00:03:51,582:INFO: Epoch 1/30
2023-12-24 00:04:07,171:INFO: - Train metrics: accuracy: 0.406 ; loss: 0.821
2023-12-24 00:04:08,352:INFO: - Eval metrics : accuracy: 0.613 ; loss: 0.000
2023-12-24 00:04:08,373:INFO: - Found new best accuracy
2023-12-24 00:04:08,374:INFO: Epoch 2/30
2023-12-24 00:04:19,310:INFO: - Train metrics: accuracy: 0.609 ; loss: 0.572
2023-12-24 00:04:20,365:INFO: - Eval metrics : accuracy: 0.685 ; loss: 0.000
2023-12-24 00:04:20,409:INFO: - Found new best accuracy
2023-12-24 00:04:20,410:INFO: Epoch 3/30
2023-12-24 00:04:32,000:INFO: - Train metrics: accuracy: 0.672 ; loss: 0.465
2023-12-24 00:04:33,153:INFO: - Eval metrics : accuracy: 0.721 ; loss: 0.000
2023-12-24 00:04:33,201:INFO: - Found new best accuracy
2023-12-24 00:04:33,202:INFO: Epoch 4/30
2023-12-24 00:04:44,610:INFO: - Train metrics: accuracy: 0.705 ; loss: 0.427
2023-12-24 00:04:46,020:INFO: - Eval metrics : accuracy: 0.747 ; loss: 0.000
2023-12-24 00:04:46,064:INFO: - Found new best accuracy
2023-12-24 00:04:46,065:INFO: Epoch 5/30
2023-12-24 00:04:57,439:INFO: - Train metrics: accuracy: 0.734 ; loss: 0.424
2023-12-24 00:04:58,651:INFO: - Eval metrics : accuracy: 0.759 ; loss: 0.000
2023-12-24 00:04:58,680:INFO: - Found new best accuracy
2023-12-24 00:04:58,699:INFO: Epoch 6/30
2023-12-24 00:05:10,047:INFO: - Train metrics: accuracy: 0.760 ; loss: 0.362
2023-12-24 00:05:11,194:INFO: - Eval metrics : accuracy: 0.774 ; loss: 0.000
2023-12-24 00:05:11,238:INFO: - Found new best accuracy
2023-12-24 00:05:11,238:INFO: Epoch 7/30
2023-12-24 00:05:22,348:INFO: - Train metrics: accuracy: 0.746 ; loss: 0.375
2023-12-24 00:05:23,457:INFO: - Eval metrics : accuracy: 0.785 ; loss: 0.000
2023-12-24 00:05:23,482:INFO: - Found new best accuracy
2023-12-24 00:05:23,494:INFO: Epoch 8/30
2023-12-24 00:05:34,773:INFO: - Train metrics: accuracy: 0.754 ; loss: 0.367
2023-12-24 00:05:35,925:INFO: - Eval metrics : accuracy: 0.798 ; loss: 0.000
2023-12-24 00:05:35,992:INFO: - Found new best accuracy
2023-12-24 00:05:36,001:INFO: Epoch 9/30
2023-12-24 00:05:47,184:INFO: - Train metrics: accuracy: 0.777 ; loss: 0.340
2023-12-24 00:05:48,437:INFO: - Eval metrics : accuracy: 0.792 ; loss: 0.000
2023-12-24 00:05:48,454:INFO: Epoch 10/30
2023-12-24 00:07:31,987:INFO: - Train metrics: accuracy: 0.783 ; loss: 0.323
2023-12-24 00:07:33,018:INFO: - Eval metrics : accuracy: 0.793 ; loss: 0.000
2023-12-24 00:07:33,035:INFO: Epoch 11/30
2023-12-24 00:07:44,201:INFO: - Train metrics: accuracy: 0.771 ; loss: 0.339
2023-12-24 00:07:45,413:INFO: - Eval metrics : accuracy: 0.805 ; loss: 0.000
2023-12-24 00:07:45,466:INFO: - Found new best accuracy
2023-12-24 00:07:45,467:INFO: Epoch 12/30
2023-12-24 00:08:01,973:INFO: - Train metrics: accuracy: 0.785 ; loss: 0.333
2023-12-24 00:08:03,385:INFO: - Eval metrics : accuracy: 0.810 ; loss: 0.000
2023-12-24 00:08:03,426:INFO: - Found new best accuracy
2023-12-24 00:08:03,426:INFO: Epoch 13/30
2023-12-24 00:08:14,683:INFO: - Train metrics: accuracy: 0.779 ; loss: 0.338
2023-12-24 00:08:15,774:INFO: - Eval metrics : accuracy: 0.814 ; loss: 0.000
2023-12-24 00:08:15,819:INFO: - Found new best accuracy
2023-12-24 00:08:15,820:INFO: Epoch 14/30
2023-12-24 00:08:26,635:INFO: - Train metrics: accuracy: 0.781 ; loss: 0.340
2023-12-24 00:08:27,751:INFO: - Eval metrics : accuracy: 0.812 ; loss: 0.000
2023-12-24 00:08:27,771:INFO: Epoch 15/30
2023-12-24 00:08:39,372:INFO: - Train metrics: accuracy: 0.809 ; loss: 0.304
2023-12-24 00:08:40,457:INFO: - Eval metrics : accuracy: 0.812 ; loss: 0.000
2023-12-24 00:08:40,486:INFO: Epoch 16/30
2023-12-24 00:08:51,748:INFO: - Train metrics: accuracy: 0.799 ; loss: 0.307
2023-12-24 00:08:52,918:INFO: - Eval metrics : accuracy: 0.821 ; loss: 0.000
2023-12-24 00:08:52,960:INFO: - Found new best accuracy
2023-12-24 00:08:52,960:INFO: Epoch 17/30
2023-12-24 00:09:03,576:INFO: - Train metrics: accuracy: 0.809 ; loss: 0.284
2023-12-24 00:09:04,779:INFO: - Eval metrics : accuracy: 0.814 ; loss: 0.000
2023-12-24 00:09:04,798:INFO: Epoch 18/30
2023-12-24 00:09:15,812:INFO: - Train metrics: accuracy: 0.805 ; loss: 0.291
2023-12-24 00:09:16,887:INFO: - Eval metrics : accuracy: 0.825 ; loss: 0.000
2023-12-24 00:09:16,913:INFO: - Found new best accuracy
2023-12-24 00:09:16,950:INFO: Epoch 19/30
2023-12-24 00:10:11,474:INFO: - Train metrics: accuracy: 0.820 ; loss: 0.279
2023-12-24 00:10:12,626:INFO: - Eval metrics : accuracy: 0.828 ; loss: 0.000
2023-12-24 00:10:12,688:INFO: - Found new best accuracy
2023-12-24 00:10:12,688:INFO: Epoch 20/30
2023-12-24 00:11:10,040:INFO: - Train metrics: accuracy: 0.811 ; loss: 0.289
2023-12-24 00:11:11,244:INFO: - Eval metrics : accuracy: 0.825 ; loss: 0.000
2023-12-24 00:11:11,282:INFO: Epoch 21/30
2023-12-24 00:12:10,997:INFO: - Train metrics: accuracy: 0.824 ; loss: 0.278
2023-12-24 00:12:12,119:INFO: - Eval metrics : accuracy: 0.817 ; loss: 0.000
2023-12-24 00:12:12,147:INFO: Epoch 22/30
2023-12-24 00:12:34,944:INFO: - Train metrics: accuracy: 0.797 ; loss: 0.288
2023-12-24 00:12:36,205:INFO: - Eval metrics : accuracy: 0.819 ; loss: 0.000
2023-12-24 00:12:36,233:INFO: Epoch 23/30
2023-12-24 00:12:47,820:INFO: - Train metrics: accuracy: 0.836 ; loss: 0.260
2023-12-24 00:12:48,989:INFO: - Eval metrics : accuracy: 0.827 ; loss: 0.000
2023-12-24 00:12:49,014:INFO: Epoch 24/30
2023-12-24 00:12:59,699:INFO: - Train metrics: accuracy: 0.812 ; loss: 0.287
2023-12-24 00:13:00,852:INFO: - Eval metrics : accuracy: 0.838 ; loss: 0.000
2023-12-24 00:13:00,899:INFO: - Found new best accuracy
2023-12-24 00:13:00,900:INFO: Epoch 25/30
2023-12-24 00:13:12,130:INFO: - Train metrics: accuracy: 0.850 ; loss: 0.256
2023-12-24 00:13:13,221:INFO: - Eval metrics : accuracy: 0.833 ; loss: 0.000
2023-12-24 00:13:13,250:INFO: Epoch 26/30
2023-12-24 00:13:24,370:INFO: - Train metrics: accuracy: 0.826 ; loss: 0.257
2023-12-24 00:13:25,479:INFO: - Eval metrics : accuracy: 0.836 ; loss: 0.000
2023-12-24 00:13:25,503:INFO: Epoch 27/30
2023-12-24 00:13:36,253:INFO: - Train metrics: accuracy: 0.840 ; loss: 0.265
2023-12-24 00:13:37,406:INFO: - Eval metrics : accuracy: 0.839 ; loss: 0.000
2023-12-24 00:13:37,429:INFO: - Found new best accuracy
2023-12-24 00:13:37,447:INFO: Epoch 28/30
2023-12-24 00:13:48,705:INFO: - Train metrics: accuracy: 0.824 ; loss: 0.250
2023-12-24 00:13:49,718:INFO: - Eval metrics : accuracy: 0.840 ; loss: 0.000
2023-12-24 00:13:49,740:INFO: - Found new best accuracy
2023-12-24 00:13:49,741:INFO: Epoch 29/30
2023-12-24 00:14:01,681:INFO: - Train metrics: accuracy: 0.857 ; loss: 0.248
2023-12-24 00:14:03,108:INFO: - Eval metrics : accuracy: 0.837 ; loss: 0.000
2023-12-24 00:14:03,136:INFO: Epoch 30/30
2023-12-24 00:14:13,825:INFO: - Train metrics: accuracy: 0.830 ; loss: 0.251
2023-12-24 00:14:14,967:INFO: - Eval metrics : accuracy: 0.840 ; loss: 0.000
2023-12-24 00:14:14,989:INFO: - Found new best accuracy
