2018-03-09 20:46:06,587:INFO: Loading the datasets...
2018-03-09 20:46:10,074:INFO: - done.
2018-03-09 20:46:10,078:INFO: Starting training for 30 epoch(s)
2018-03-09 20:51:27,485:INFO: Loading the datasets...
2018-03-09 20:51:30,918:INFO: - done.
2018-03-09 20:51:30,922:INFO: Starting training for 30 epoch(s)
2018-03-09 20:54:20,870:INFO: Loading the datasets...
2018-03-09 20:54:24,364:INFO: - done.
2018-03-09 20:54:24,368:INFO: Starting training for 30 epoch(s)
2018-03-09 20:54:24,368:INFO: Epoch 1/30
2023-12-23 22:53:26,260:INFO: Loading the datasets...
2023-12-23 22:54:00,766:INFO: - done.
2023-12-23 22:54:06,928:INFO: Starting training for 30 epoch(s)
2023-12-23 22:54:06,971:INFO: Epoch 1/30
2023-12-23 22:55:30,737:INFO: Loading the datasets...
2023-12-23 22:55:37,289:INFO: - done.
2023-12-23 22:55:40,948:INFO: Starting training for 30 epoch(s)
2023-12-23 22:55:40,952:INFO: Epoch 1/30
2023-12-23 22:55:57,803:INFO: - Train metrics: accuracy: 0.473 ; loss: 1.478
2023-12-23 22:57:57,830:INFO: Loading the datasets...
2023-12-23 22:58:03,720:INFO: - done.
2023-12-23 22:58:06,454:INFO: Starting training for 30 epoch(s)
2023-12-23 22:58:06,455:INFO: Epoch 1/30
2023-12-23 22:58:15,442:INFO: - Train metrics: accuracy: 0.455 ; loss: 1.490
2023-12-23 22:58:16,609:INFO: - Eval metrics : accuracy: 0.660 ; loss: 0.969
2023-12-23 22:58:16,629:INFO: - Found new best accuracy
2023-12-23 22:58:16,630:INFO: Epoch 2/30
2023-12-23 22:58:22,000:INFO: - Train metrics: accuracy: 0.664 ; loss: 0.957
2023-12-23 22:58:23,169:INFO: - Eval metrics : accuracy: 0.704 ; loss: 0.827
2023-12-23 22:58:23,220:INFO: - Found new best accuracy
2023-12-23 22:58:23,220:INFO: Epoch 3/30
2023-12-23 22:58:28,548:INFO: - Train metrics: accuracy: 0.756 ; loss: 0.780
2023-12-23 22:58:29,716:INFO: - Eval metrics : accuracy: 0.748 ; loss: 0.712
2023-12-23 22:58:29,753:INFO: - Found new best accuracy
2023-12-23 22:58:29,754:INFO: Epoch 4/30
2023-12-23 22:58:34,931:INFO: - Train metrics: accuracy: 0.793 ; loss: 0.595
2023-12-23 22:58:36,124:INFO: - Eval metrics : accuracy: 0.754 ; loss: 0.708
2023-12-23 22:58:36,157:INFO: - Found new best accuracy
2023-12-23 22:58:36,170:INFO: Epoch 5/30
2023-12-23 22:58:41,396:INFO: - Train metrics: accuracy: 0.783 ; loss: 0.637
2023-12-23 22:58:42,467:INFO: - Eval metrics : accuracy: 0.750 ; loss: 0.721
2023-12-23 22:58:42,482:INFO: Epoch 6/30
2023-12-23 22:58:46,807:INFO: - Train metrics: accuracy: 0.830 ; loss: 0.556
2023-12-23 22:58:47,910:INFO: - Eval metrics : accuracy: 0.759 ; loss: 0.718
2023-12-23 22:58:47,963:INFO: - Found new best accuracy
2023-12-23 22:58:47,964:INFO: Epoch 7/30
2023-12-23 22:58:52,249:INFO: - Train metrics: accuracy: 0.824 ; loss: 0.504
2023-12-23 22:58:53,359:INFO: - Eval metrics : accuracy: 0.775 ; loss: 0.659
2023-12-23 22:58:53,402:INFO: - Found new best accuracy
2023-12-23 22:58:53,402:INFO: Epoch 8/30
2023-12-23 22:58:57,861:INFO: - Train metrics: accuracy: 0.854 ; loss: 0.442
2023-12-23 22:58:58,942:INFO: - Eval metrics : accuracy: 0.783 ; loss: 0.649
2023-12-23 22:58:58,968:INFO: - Found new best accuracy
2023-12-23 22:58:58,980:INFO: Epoch 9/30
2023-12-23 22:59:03,339:INFO: - Train metrics: accuracy: 0.826 ; loss: 0.470
2023-12-23 22:59:04,803:INFO: - Eval metrics : accuracy: 0.769 ; loss: 0.702
2023-12-23 22:59:04,827:INFO: Epoch 10/30
2023-12-23 22:59:09,397:INFO: - Train metrics: accuracy: 0.891 ; loss: 0.329
2023-12-23 22:59:10,513:INFO: - Eval metrics : accuracy: 0.776 ; loss: 0.702
2023-12-23 22:59:10,534:INFO: Epoch 11/30
2023-12-23 22:59:15,071:INFO: - Train metrics: accuracy: 0.889 ; loss: 0.308
2023-12-23 22:59:16,140:INFO: - Eval metrics : accuracy: 0.757 ; loss: 0.807
2023-12-23 22:59:16,166:INFO: Epoch 12/30
2023-12-23 22:59:20,494:INFO: - Train metrics: accuracy: 0.865 ; loss: 0.348
2023-12-23 22:59:21,539:INFO: - Eval metrics : accuracy: 0.776 ; loss: 0.746
2023-12-23 22:59:21,560:INFO: Epoch 13/30
2023-12-23 22:59:26,032:INFO: - Train metrics: accuracy: 0.898 ; loss: 0.288
2023-12-23 22:59:27,063:INFO: - Eval metrics : accuracy: 0.784 ; loss: 0.735
2023-12-23 22:59:27,091:INFO: - Found new best accuracy
2023-12-23 22:59:27,106:INFO: Epoch 14/30
2023-12-23 22:59:31,411:INFO: - Train metrics: accuracy: 0.924 ; loss: 0.248
2023-12-23 22:59:32,721:INFO: - Eval metrics : accuracy: 0.782 ; loss: 0.771
2023-12-23 22:59:32,748:INFO: Epoch 15/30
2023-12-23 22:59:37,201:INFO: - Train metrics: accuracy: 0.943 ; loss: 0.162
2023-12-23 22:59:38,225:INFO: - Eval metrics : accuracy: 0.769 ; loss: 0.812
2023-12-23 22:59:38,263:INFO: Epoch 16/30
2023-12-23 22:59:43,714:INFO: - Train metrics: accuracy: 0.910 ; loss: 0.239
2023-12-23 22:59:45,206:INFO: - Eval metrics : accuracy: 0.777 ; loss: 0.829
2023-12-23 22:59:45,225:INFO: Epoch 17/30
2023-12-23 22:59:50,379:INFO: - Train metrics: accuracy: 0.926 ; loss: 0.207
2023-12-23 22:59:51,664:INFO: - Eval metrics : accuracy: 0.775 ; loss: 0.852
2023-12-23 22:59:51,684:INFO: Epoch 18/30
2023-12-23 22:59:56,606:INFO: - Train metrics: accuracy: 0.934 ; loss: 0.192
2023-12-23 22:59:58,140:INFO: - Eval metrics : accuracy: 0.782 ; loss: 0.833
2023-12-23 22:59:58,165:INFO: Epoch 19/30
2023-12-23 23:00:04,445:INFO: - Train metrics: accuracy: 0.941 ; loss: 0.170
2023-12-23 23:00:06,294:INFO: - Eval metrics : accuracy: 0.785 ; loss: 0.840
2023-12-23 23:00:06,329:INFO: - Found new best accuracy
2023-12-23 23:00:06,331:INFO: Epoch 20/30
2023-12-23 23:00:12,435:INFO: - Train metrics: accuracy: 0.957 ; loss: 0.133
2023-12-23 23:00:14,278:INFO: - Eval metrics : accuracy: 0.780 ; loss: 0.882
2023-12-23 23:00:14,318:INFO: Epoch 21/30
2023-12-23 23:00:20,604:INFO: - Train metrics: accuracy: 0.963 ; loss: 0.129
2023-12-23 23:00:22,652:INFO: - Eval metrics : accuracy: 0.782 ; loss: 0.902
2023-12-23 23:00:22,699:INFO: Epoch 22/30
2023-12-23 23:00:31,092:INFO: - Train metrics: accuracy: 0.953 ; loss: 0.134
2023-12-23 23:00:33,065:INFO: - Eval metrics : accuracy: 0.770 ; loss: 0.971
2023-12-23 23:00:33,101:INFO: Epoch 23/30
2023-12-23 23:00:38,057:INFO: - Train metrics: accuracy: 0.949 ; loss: 0.151
2023-12-23 23:00:39,204:INFO: - Eval metrics : accuracy: 0.776 ; loss: 0.958
2023-12-23 23:00:39,226:INFO: Epoch 24/30
2023-12-23 23:00:43,621:INFO: - Train metrics: accuracy: 0.945 ; loss: 0.143
2023-12-23 23:00:44,796:INFO: - Eval metrics : accuracy: 0.781 ; loss: 0.954
2023-12-23 23:00:44,823:INFO: Epoch 25/30
2023-12-23 23:00:49,415:INFO: - Train metrics: accuracy: 0.951 ; loss: 0.127
2023-12-23 23:00:50,468:INFO: - Eval metrics : accuracy: 0.777 ; loss: 1.009
2023-12-23 23:00:50,496:INFO: Epoch 26/30
2023-12-23 23:00:54,971:INFO: - Train metrics: accuracy: 0.957 ; loss: 0.130
2023-12-23 23:00:56,089:INFO: - Eval metrics : accuracy: 0.783 ; loss: 0.954
2023-12-23 23:00:56,108:INFO: Epoch 27/30
2023-12-23 23:01:00,552:INFO: - Train metrics: accuracy: 0.953 ; loss: 0.121
2023-12-23 23:01:01,539:INFO: - Eval metrics : accuracy: 0.776 ; loss: 1.016
2023-12-23 23:01:01,555:INFO: Epoch 28/30
2023-12-23 23:01:06,058:INFO: - Train metrics: accuracy: 0.959 ; loss: 0.106
2023-12-23 23:01:07,072:INFO: - Eval metrics : accuracy: 0.780 ; loss: 1.004
2023-12-23 23:01:07,102:INFO: Epoch 29/30
2023-12-23 23:01:11,448:INFO: - Train metrics: accuracy: 0.953 ; loss: 0.123
2023-12-23 23:01:12,661:INFO: - Eval metrics : accuracy: 0.786 ; loss: 1.038
2023-12-23 23:01:12,719:INFO: - Found new best accuracy
2023-12-23 23:01:12,720:INFO: Epoch 30/30
2023-12-23 23:01:17,200:INFO: - Train metrics: accuracy: 0.965 ; loss: 0.115
2023-12-23 23:01:18,233:INFO: - Eval metrics : accuracy: 0.774 ; loss: 1.085
2023-12-24 00:55:38,337:INFO: Loading the datasets...
2023-12-24 00:55:45,881:INFO: - done.
2023-12-24 00:55:49,239:INFO: Starting training for 30 epoch(s)
2023-12-24 00:55:49,241:INFO: Epoch 1/30
2023-12-24 00:56:03,886:INFO: - Train metrics: accuracy: 0.502 ; loss: 1.422
2023-12-24 00:56:05,935:INFO: - Eval metrics : accuracy: 0.675 ; loss: 0.942
2023-12-24 00:56:06,008:INFO: - Found new best accuracy
2023-12-24 00:56:06,009:INFO: Epoch 2/30
2023-12-24 00:56:14,166:INFO: - Train metrics: accuracy: 0.688 ; loss: 0.889
2023-12-24 00:56:16,213:INFO: - Eval metrics : accuracy: 0.719 ; loss: 0.805
2023-12-24 00:56:16,238:INFO: - Found new best accuracy
2023-12-24 00:56:16,238:INFO: Epoch 3/30
2023-12-24 00:56:24,510:INFO: - Train metrics: accuracy: 0.674 ; loss: 0.862
2023-12-24 00:56:26,450:INFO: - Eval metrics : accuracy: 0.716 ; loss: 0.806
2023-12-24 00:56:26,482:INFO: Epoch 4/30
2023-12-24 00:56:34,307:INFO: - Train metrics: accuracy: 0.762 ; loss: 0.681
2023-12-24 00:56:36,359:INFO: - Eval metrics : accuracy: 0.756 ; loss: 0.698
2023-12-24 00:56:36,411:INFO: - Found new best accuracy
2023-12-24 00:56:36,412:INFO: Epoch 5/30
2023-12-24 00:56:44,587:INFO: - Train metrics: accuracy: 0.787 ; loss: 0.600
2023-12-24 00:56:46,377:INFO: - Eval metrics : accuracy: 0.758 ; loss: 0.676
2023-12-24 00:56:46,428:INFO: - Found new best accuracy
2023-12-24 00:56:46,431:INFO: Epoch 6/30
2023-12-24 00:56:54,173:INFO: - Train metrics: accuracy: 0.811 ; loss: 0.527
2023-12-24 00:56:56,213:INFO: - Eval metrics : accuracy: 0.770 ; loss: 0.685
2023-12-24 00:56:56,270:INFO: - Found new best accuracy
2023-12-24 00:56:56,270:INFO: Epoch 7/30
2023-12-24 00:57:03,944:INFO: - Train metrics: accuracy: 0.820 ; loss: 0.486
2023-12-24 00:57:06,164:INFO: - Eval metrics : accuracy: 0.768 ; loss: 0.671
2023-12-24 00:57:06,192:INFO: Epoch 8/30
2023-12-24 00:57:13,405:INFO: - Train metrics: accuracy: 0.820 ; loss: 0.508
2023-12-24 00:57:15,836:INFO: - Eval metrics : accuracy: 0.782 ; loss: 0.654
2023-12-24 00:57:15,866:INFO: - Found new best accuracy
2023-12-24 00:57:15,867:INFO: Epoch 9/30
2023-12-24 00:57:23,488:INFO: - Train metrics: accuracy: 0.865 ; loss: 0.330
2023-12-24 00:57:25,757:INFO: - Eval metrics : accuracy: 0.768 ; loss: 0.723
2023-12-24 00:57:25,806:INFO: Epoch 10/30
2023-12-24 00:57:33,974:INFO: - Train metrics: accuracy: 0.898 ; loss: 0.286
2023-12-24 00:57:36,032:INFO: - Eval metrics : accuracy: 0.772 ; loss: 0.710
2023-12-24 00:57:36,082:INFO: Epoch 11/30
2023-12-24 00:57:43,773:INFO: - Train metrics: accuracy: 0.900 ; loss: 0.282
2023-12-24 00:57:45,397:INFO: - Eval metrics : accuracy: 0.786 ; loss: 0.685
2023-12-24 00:57:45,421:INFO: - Found new best accuracy
2023-12-24 00:57:45,432:INFO: Epoch 12/30
2023-12-24 00:57:53,205:INFO: - Train metrics: accuracy: 0.898 ; loss: 0.303
2023-12-24 00:57:54,962:INFO: - Eval metrics : accuracy: 0.778 ; loss: 0.741
2023-12-24 00:57:54,984:INFO: Epoch 13/30
2023-12-24 00:58:02,957:INFO: - Train metrics: accuracy: 0.902 ; loss: 0.254
2023-12-24 00:58:04,818:INFO: - Eval metrics : accuracy: 0.782 ; loss: 0.748
2023-12-24 00:58:04,842:INFO: Epoch 14/30
2023-12-24 00:58:12,165:INFO: - Train metrics: accuracy: 0.902 ; loss: 0.274
2023-12-24 00:58:13,927:INFO: - Eval metrics : accuracy: 0.788 ; loss: 0.742
2023-12-24 00:58:13,988:INFO: - Found new best accuracy
2023-12-24 00:58:13,989:INFO: Epoch 15/30
2023-12-24 00:58:21,560:INFO: - Train metrics: accuracy: 0.938 ; loss: 0.188
2023-12-24 00:58:23,187:INFO: - Eval metrics : accuracy: 0.775 ; loss: 0.813
2023-12-24 00:58:23,219:INFO: Epoch 16/30
2023-12-24 00:58:31,196:INFO: - Train metrics: accuracy: 0.941 ; loss: 0.171
2023-12-24 00:58:33,173:INFO: - Eval metrics : accuracy: 0.776 ; loss: 0.830
2023-12-24 00:58:33,196:INFO: Epoch 17/30
2023-12-24 00:58:41,178:INFO: - Train metrics: accuracy: 0.943 ; loss: 0.174
2023-12-24 00:58:43,008:INFO: - Eval metrics : accuracy: 0.778 ; loss: 0.813
2023-12-24 00:58:43,035:INFO: Epoch 18/30
2023-12-24 00:58:50,266:INFO: - Train metrics: accuracy: 0.953 ; loss: 0.155
2023-12-24 00:58:51,952:INFO: - Eval metrics : accuracy: 0.782 ; loss: 0.853
2023-12-24 00:58:51,997:INFO: Epoch 19/30
2023-12-24 00:58:59,883:INFO: - Train metrics: accuracy: 0.941 ; loss: 0.166
2023-12-24 00:59:01,545:INFO: - Eval metrics : accuracy: 0.779 ; loss: 0.871
2023-12-24 00:59:01,580:INFO: Epoch 20/30
2023-12-24 00:59:10,133:INFO: - Train metrics: accuracy: 0.949 ; loss: 0.142
2023-12-24 00:59:12,082:INFO: - Eval metrics : accuracy: 0.786 ; loss: 0.864
2023-12-24 00:59:12,106:INFO: Epoch 21/30
2023-12-24 00:59:19,179:INFO: - Train metrics: accuracy: 0.938 ; loss: 0.169
2023-12-24 00:59:20,928:INFO: - Eval metrics : accuracy: 0.780 ; loss: 0.920
2023-12-24 00:59:20,950:INFO: Epoch 22/30
2023-12-24 00:59:28,410:INFO: - Train metrics: accuracy: 0.955 ; loss: 0.128
2023-12-24 00:59:30,288:INFO: - Eval metrics : accuracy: 0.782 ; loss: 0.927
2023-12-24 00:59:30,337:INFO: Epoch 23/30
2023-12-24 00:59:38,189:INFO: - Train metrics: accuracy: 0.957 ; loss: 0.128
2023-12-24 00:59:40,225:INFO: - Eval metrics : accuracy: 0.772 ; loss: 0.973
2023-12-24 00:59:40,262:INFO: Epoch 24/30
2023-12-24 00:59:47,543:INFO: - Train metrics: accuracy: 0.961 ; loss: 0.109
2023-12-24 00:59:49,267:INFO: - Eval metrics : accuracy: 0.783 ; loss: 0.940
2023-12-24 00:59:49,296:INFO: Epoch 25/30
2023-12-24 00:59:57,038:INFO: - Train metrics: accuracy: 0.975 ; loss: 0.099
2023-12-24 00:59:58,707:INFO: - Eval metrics : accuracy: 0.782 ; loss: 0.975
2023-12-24 00:59:58,739:INFO: Epoch 26/30
2023-12-24 01:00:06,467:INFO: - Train metrics: accuracy: 0.961 ; loss: 0.104
2023-12-24 01:00:08,476:INFO: - Eval metrics : accuracy: 0.779 ; loss: 1.003
2023-12-24 01:00:08,499:INFO: Epoch 27/30
2023-12-24 01:00:16,245:INFO: - Train metrics: accuracy: 0.965 ; loss: 0.110
2023-12-24 01:00:18,175:INFO: - Eval metrics : accuracy: 0.776 ; loss: 1.011
2023-12-24 01:00:18,193:INFO: Epoch 28/30
2023-12-24 01:00:25,312:INFO: - Train metrics: accuracy: 0.961 ; loss: 0.116
2023-12-24 01:00:26,932:INFO: - Eval metrics : accuracy: 0.784 ; loss: 0.994
2023-12-24 01:00:26,960:INFO: Epoch 29/30
2023-12-24 01:00:34,559:INFO: - Train metrics: accuracy: 0.963 ; loss: 0.106
2023-12-24 01:00:36,358:INFO: - Eval metrics : accuracy: 0.781 ; loss: 1.064
2023-12-24 01:00:36,389:INFO: Epoch 30/30
2023-12-24 01:00:44,933:INFO: - Train metrics: accuracy: 0.969 ; loss: 0.089
2023-12-24 01:00:46,960:INFO: - Eval metrics : accuracy: 0.776 ; loss: 1.082
2023-12-24 16:48:37,596:INFO: Loading the datasets...
2023-12-24 16:48:45,066:INFO: - done.
2023-12-24 16:49:32,520:INFO: Loading the datasets...
2023-12-24 16:49:37,129:INFO: - done.
2023-12-24 16:49:39,147:INFO: Starting training for 30 epoch(s)
2023-12-24 16:49:39,148:INFO: Epoch 1/30
2023-12-24 16:49:50,652:INFO: - Train metrics: accuracy: 0.105 ; loss: 2.442
2023-12-24 16:50:06,701:INFO: - Eval metrics : accuracy: 0.648 ; loss: 1.011
2023-12-24 17:01:28,720:INFO: Loading the datasets...
2023-12-24 17:01:34,459:INFO: - done.
2023-12-24 17:01:36,520:INFO: Starting training for 30 epoch(s)
2023-12-24 17:01:36,521:INFO: Epoch 1/30
2023-12-24 17:01:53,635:INFO: Loading the datasets...
2023-12-24 17:01:58,209:INFO: - done.
2023-12-24 17:02:00,073:INFO: Starting training for 30 epoch(s)
2023-12-24 17:02:00,074:INFO: Epoch 1/30
2023-12-24 17:02:06,920:INFO: - Train metrics: accuracy: 0.105 ; loss: 2.442
2023-12-24 17:02:07,940:INFO: - Eval metrics : accuracy: 0.650 ; loss: 1.007
2023-12-24 17:02:08,007:INFO: - Found new best accuracy
2023-12-24 17:02:08,008:INFO: Epoch 2/30
2023-12-24 17:02:11,651:INFO: - Train metrics: accuracy: 0.605 ; loss: 1.050
2023-12-24 17:02:12,803:INFO: - Eval metrics : accuracy: 0.681 ; loss: 0.892
2023-12-24 17:02:12,840:INFO: - Found new best accuracy
2023-12-24 17:02:12,851:INFO: Epoch 3/30
2023-12-24 17:02:16,597:INFO: - Train metrics: accuracy: 0.688 ; loss: 0.921
2023-12-24 17:02:17,624:INFO: - Eval metrics : accuracy: 0.714 ; loss: 0.825
2023-12-24 17:02:17,660:INFO: - Found new best accuracy
2023-12-24 17:02:17,674:INFO: Epoch 4/30
2023-12-24 17:02:21,664:INFO: - Train metrics: accuracy: 0.773 ; loss: 0.697
2023-12-24 17:02:22,746:INFO: - Eval metrics : accuracy: 0.721 ; loss: 0.805
2023-12-24 17:02:22,779:INFO: - Found new best accuracy
2023-12-24 17:02:22,793:INFO: Epoch 5/30
2023-12-24 17:02:26,522:INFO: - Train metrics: accuracy: 0.779 ; loss: 0.647
2023-12-24 17:02:27,538:INFO: - Eval metrics : accuracy: 0.727 ; loss: 0.782
2023-12-24 17:02:27,573:INFO: - Found new best accuracy
2023-12-24 17:02:27,583:INFO: Epoch 6/30
2023-12-24 17:02:31,460:INFO: - Train metrics: accuracy: 0.793 ; loss: 0.559
2023-12-24 17:02:32,485:INFO: - Eval metrics : accuracy: 0.735 ; loss: 0.768
2023-12-24 17:02:32,520:INFO: - Found new best accuracy
2023-12-24 17:02:32,534:INFO: Epoch 7/30
2023-12-24 17:02:36,234:INFO: - Train metrics: accuracy: 0.855 ; loss: 0.466
2023-12-24 17:02:37,239:INFO: - Eval metrics : accuracy: 0.755 ; loss: 0.729
2023-12-24 17:02:37,314:INFO: - Found new best accuracy
2023-12-24 17:02:37,327:INFO: Epoch 8/30
2023-12-24 17:02:41,069:INFO: - Train metrics: accuracy: 0.867 ; loss: 0.397
2023-12-24 17:02:42,082:INFO: - Eval metrics : accuracy: 0.749 ; loss: 0.745
2023-12-24 17:02:42,113:INFO: Epoch 9/30
2023-12-24 17:02:45,643:INFO: - Train metrics: accuracy: 0.857 ; loss: 0.375
2023-12-24 17:02:46,607:INFO: - Eval metrics : accuracy: 0.758 ; loss: 0.744
2023-12-24 17:02:46,673:INFO: - Found new best accuracy
2023-12-24 17:02:46,675:INFO: Epoch 10/30
2023-12-24 17:02:50,609:INFO: - Train metrics: accuracy: 0.896 ; loss: 0.340
2023-12-24 17:02:51,633:INFO: - Eval metrics : accuracy: 0.743 ; loss: 0.783
2023-12-24 17:02:51,662:INFO: Epoch 11/30
2023-12-24 17:02:55,083:INFO: - Train metrics: accuracy: 0.873 ; loss: 0.332
2023-12-24 17:02:56,053:INFO: - Eval metrics : accuracy: 0.760 ; loss: 0.758
2023-12-24 17:02:56,094:INFO: - Found new best accuracy
2023-12-24 17:02:56,108:INFO: Epoch 12/30
2023-12-24 17:02:59,932:INFO: - Train metrics: accuracy: 0.895 ; loss: 0.304
2023-12-24 17:03:00,987:INFO: - Eval metrics : accuracy: 0.760 ; loss: 0.783
2023-12-24 17:03:01,023:INFO: - Found new best accuracy
2023-12-24 17:03:01,035:INFO: Epoch 13/30
2023-12-24 17:03:04,751:INFO: - Train metrics: accuracy: 0.924 ; loss: 0.254
2023-12-24 17:03:05,903:INFO: - Eval metrics : accuracy: 0.754 ; loss: 0.828
2023-12-24 17:03:05,927:INFO: Epoch 14/30
2023-12-24 17:03:09,855:INFO: - Train metrics: accuracy: 0.941 ; loss: 0.196
2023-12-24 17:03:10,868:INFO: - Eval metrics : accuracy: 0.761 ; loss: 0.811
2023-12-24 17:03:10,893:INFO: - Found new best accuracy
2023-12-24 17:03:10,920:INFO: Epoch 15/30
2023-12-24 17:03:14,577:INFO: - Train metrics: accuracy: 0.938 ; loss: 0.210
2023-12-24 17:03:15,613:INFO: - Eval metrics : accuracy: 0.749 ; loss: 0.924
2023-12-24 17:03:15,641:INFO: Epoch 16/30
2023-12-24 17:03:19,617:INFO: - Train metrics: accuracy: 0.934 ; loss: 0.186
2023-12-24 17:03:20,634:INFO: - Eval metrics : accuracy: 0.758 ; loss: 0.825
2023-12-24 17:03:20,658:INFO: Epoch 17/30
2023-12-24 17:03:24,398:INFO: - Train metrics: accuracy: 0.938 ; loss: 0.193
2023-12-24 17:03:25,745:INFO: - Eval metrics : accuracy: 0.760 ; loss: 0.868
2023-12-24 17:03:25,771:INFO: Epoch 18/30
2023-12-24 17:03:29,355:INFO: - Train metrics: accuracy: 0.957 ; loss: 0.147
2023-12-24 17:03:30,374:INFO: - Eval metrics : accuracy: 0.758 ; loss: 0.909
2023-12-24 17:03:30,403:INFO: Epoch 19/30
2023-12-24 17:03:33,811:INFO: - Train metrics: accuracy: 0.949 ; loss: 0.147
2023-12-24 17:03:35,006:INFO: - Eval metrics : accuracy: 0.762 ; loss: 0.886
2023-12-24 17:03:35,039:INFO: - Found new best accuracy
2023-12-24 17:03:35,066:INFO: Epoch 20/30
2023-12-24 17:03:38,822:INFO: - Train metrics: accuracy: 0.949 ; loss: 0.150
2023-12-24 17:03:39,829:INFO: - Eval metrics : accuracy: 0.757 ; loss: 0.925
2023-12-24 17:03:39,859:INFO: Epoch 21/30
2023-12-24 17:03:43,595:INFO: - Train metrics: accuracy: 0.938 ; loss: 0.160
2023-12-24 17:03:44,700:INFO: - Eval metrics : accuracy: 0.749 ; loss: 0.979
2023-12-24 17:03:44,720:INFO: Epoch 22/30
2023-12-24 17:03:48,501:INFO: - Train metrics: accuracy: 0.963 ; loss: 0.137
2023-12-24 17:03:49,601:INFO: - Eval metrics : accuracy: 0.760 ; loss: 0.955
2023-12-24 17:03:49,623:INFO: Epoch 23/30
2023-12-24 17:03:53,830:INFO: - Train metrics: accuracy: 0.951 ; loss: 0.134
2023-12-24 17:03:54,851:INFO: - Eval metrics : accuracy: 0.763 ; loss: 0.972
2023-12-24 17:03:54,895:INFO: - Found new best accuracy
2023-12-24 17:03:54,896:INFO: Epoch 24/30
2023-12-24 17:03:58,412:INFO: - Train metrics: accuracy: 0.953 ; loss: 0.130
2023-12-24 17:03:59,442:INFO: - Eval metrics : accuracy: 0.771 ; loss: 0.952
2023-12-24 17:03:59,472:INFO: - Found new best accuracy
2023-12-24 17:03:59,498:INFO: Epoch 25/30
2023-12-24 17:04:03,510:INFO: - Train metrics: accuracy: 0.949 ; loss: 0.124
2023-12-24 17:04:04,483:INFO: - Eval metrics : accuracy: 0.759 ; loss: 1.032
2023-12-24 17:04:04,505:INFO: Epoch 26/30
2023-12-24 17:04:08,101:INFO: - Train metrics: accuracy: 0.955 ; loss: 0.120
2023-12-24 17:04:09,141:INFO: - Eval metrics : accuracy: 0.756 ; loss: 1.051
2023-12-24 17:04:09,176:INFO: Epoch 27/30
2023-12-24 17:04:13,487:INFO: - Train metrics: accuracy: 0.971 ; loss: 0.086
2023-12-24 17:04:14,508:INFO: - Eval metrics : accuracy: 0.764 ; loss: 1.054
2023-12-24 17:04:14,539:INFO: Epoch 28/30
2023-12-24 17:04:18,208:INFO: - Train metrics: accuracy: 0.963 ; loss: 0.098
2023-12-24 17:04:19,197:INFO: - Eval metrics : accuracy: 0.763 ; loss: 1.021
2023-12-24 17:04:19,223:INFO: Epoch 29/30
2023-12-24 17:04:23,277:INFO: - Train metrics: accuracy: 0.963 ; loss: 0.100
2023-12-24 17:04:24,300:INFO: - Eval metrics : accuracy: 0.747 ; loss: 1.213
2023-12-24 17:04:24,320:INFO: Epoch 30/30
2023-12-24 17:04:28,384:INFO: - Train metrics: accuracy: 0.963 ; loss: 0.118
2023-12-24 17:04:29,576:INFO: - Eval metrics : accuracy: 0.762 ; loss: 1.083
2023-12-24 17:35:44,439:INFO: Loading the datasets...
2023-12-24 17:35:50,465:INFO: - done.
2023-12-24 17:35:53,050:INFO: Starting training for 100 epoch(s)
2023-12-24 17:35:53,051:INFO: Epoch 1/100
2023-12-24 17:36:00,864:INFO: - Train metrics: accuracy: 0.105 ; loss: 2.442
2023-12-24 17:36:02,010:INFO: - Eval metrics : accuracy: 0.652 ; loss: 1.002
2023-12-24 17:36:02,116:INFO: - Found new best accuracy
2023-12-24 17:36:02,121:INFO: Epoch 2/100
2023-12-24 17:36:06,056:INFO: - Train metrics: accuracy: 0.602 ; loss: 1.052
2023-12-24 17:36:07,199:INFO: - Eval metrics : accuracy: 0.678 ; loss: 0.907
2023-12-24 17:36:07,254:INFO: - Found new best accuracy
2023-12-24 17:36:07,255:INFO: Epoch 3/100
2023-12-24 17:36:10,949:INFO: - Train metrics: accuracy: 0.693 ; loss: 0.931
2023-12-24 17:36:12,120:INFO: - Eval metrics : accuracy: 0.695 ; loss: 0.865
2023-12-24 17:36:12,161:INFO: - Found new best accuracy
2023-12-24 17:36:12,162:INFO: Epoch 4/100
2023-12-24 17:36:16,043:INFO: - Train metrics: accuracy: 0.773 ; loss: 0.695
2023-12-24 17:36:17,099:INFO: - Eval metrics : accuracy: 0.718 ; loss: 0.809
2023-12-24 17:36:17,152:INFO: - Found new best accuracy
2023-12-24 17:36:17,153:INFO: Epoch 5/100
2023-12-24 17:36:20,748:INFO: - Train metrics: accuracy: 0.777 ; loss: 0.636
2023-12-24 17:36:21,862:INFO: - Eval metrics : accuracy: 0.721 ; loss: 0.800
2023-12-24 17:36:21,901:INFO: - Found new best accuracy
2023-12-24 17:36:21,901:INFO: Epoch 6/100
2023-12-24 17:36:25,830:INFO: - Train metrics: accuracy: 0.803 ; loss: 0.569
2023-12-24 17:36:26,854:INFO: - Eval metrics : accuracy: 0.723 ; loss: 0.811
2023-12-24 17:36:26,891:INFO: - Found new best accuracy
2023-12-24 17:36:26,901:INFO: Epoch 7/100
2023-12-24 17:36:30,519:INFO: - Train metrics: accuracy: 0.857 ; loss: 0.463
2023-12-24 17:36:31,790:INFO: - Eval metrics : accuracy: 0.752 ; loss: 0.731
2023-12-24 17:36:31,823:INFO: - Found new best accuracy
2023-12-24 17:36:31,824:INFO: Epoch 8/100
2023-12-24 17:36:35,720:INFO: - Train metrics: accuracy: 0.859 ; loss: 0.428
2023-12-24 17:36:36,815:INFO: - Eval metrics : accuracy: 0.741 ; loss: 0.765
2023-12-24 17:36:36,833:INFO: Epoch 9/100
2023-12-24 17:36:40,582:INFO: - Train metrics: accuracy: 0.871 ; loss: 0.383
2023-12-24 17:36:41,945:INFO: - Eval metrics : accuracy: 0.750 ; loss: 0.745
2023-12-24 17:36:41,960:INFO: Epoch 10/100
2023-12-24 17:36:45,580:INFO: - Train metrics: accuracy: 0.889 ; loss: 0.364
2023-12-24 17:36:46,695:INFO: - Eval metrics : accuracy: 0.747 ; loss: 0.758
2023-12-24 17:36:46,716:INFO: Epoch 11/100
2023-12-24 17:36:50,689:INFO: - Train metrics: accuracy: 0.900 ; loss: 0.320
2023-12-24 17:36:51,741:INFO: - Eval metrics : accuracy: 0.764 ; loss: 0.742
2023-12-24 17:36:51,825:INFO: - Found new best accuracy
2023-12-24 17:36:51,827:INFO: Epoch 12/100
2023-12-24 17:36:55,576:INFO: - Train metrics: accuracy: 0.895 ; loss: 0.292
2023-12-24 17:36:56,636:INFO: - Eval metrics : accuracy: 0.749 ; loss: 0.819
2023-12-24 17:36:56,663:INFO: Epoch 13/100
2023-12-24 17:37:00,541:INFO: - Train metrics: accuracy: 0.926 ; loss: 0.256
2023-12-24 17:37:01,708:INFO: - Eval metrics : accuracy: 0.766 ; loss: 0.760
2023-12-24 17:37:01,735:INFO: - Found new best accuracy
2023-12-24 17:37:01,736:INFO: Epoch 14/100
2023-12-24 17:37:05,475:INFO: - Train metrics: accuracy: 0.926 ; loss: 0.238
2023-12-24 17:37:06,581:INFO: - Eval metrics : accuracy: 0.751 ; loss: 0.821
2023-12-24 17:37:06,608:INFO: Epoch 15/100
2023-12-24 17:37:10,434:INFO: - Train metrics: accuracy: 0.908 ; loss: 0.242
2023-12-24 17:37:11,540:INFO: - Eval metrics : accuracy: 0.737 ; loss: 0.961
2023-12-24 17:37:11,564:INFO: Epoch 16/100
2023-12-24 17:37:15,207:INFO: - Train metrics: accuracy: 0.930 ; loss: 0.193
2023-12-24 17:37:16,326:INFO: - Eval metrics : accuracy: 0.757 ; loss: 0.824
2023-12-24 17:37:16,357:INFO: Epoch 17/100
2023-12-24 17:37:20,252:INFO: - Train metrics: accuracy: 0.930 ; loss: 0.199
2023-12-24 17:37:21,505:INFO: - Eval metrics : accuracy: 0.756 ; loss: 0.881
2023-12-24 17:37:21,530:INFO: Epoch 18/100
2023-12-24 17:37:25,270:INFO: - Train metrics: accuracy: 0.949 ; loss: 0.149
2023-12-24 17:37:26,424:INFO: - Eval metrics : accuracy: 0.764 ; loss: 0.848
2023-12-24 17:37:26,450:INFO: Epoch 19/100
2023-12-24 17:37:30,346:INFO: - Train metrics: accuracy: 0.953 ; loss: 0.138
2023-12-24 17:37:31,452:INFO: - Eval metrics : accuracy: 0.752 ; loss: 0.949
2023-12-24 17:37:31,469:INFO: Epoch 20/100
2023-12-24 17:37:35,021:INFO: - Train metrics: accuracy: 0.953 ; loss: 0.143
2023-12-24 17:37:36,346:INFO: - Eval metrics : accuracy: 0.762 ; loss: 0.926
2023-12-24 17:37:36,372:INFO: Epoch 21/100
2023-12-24 17:37:39,950:INFO: - Train metrics: accuracy: 0.949 ; loss: 0.148
2023-12-24 17:37:41,119:INFO: - Eval metrics : accuracy: 0.763 ; loss: 0.915
2023-12-24 17:37:41,139:INFO: Epoch 22/100
2023-12-24 17:37:44,913:INFO: - Train metrics: accuracy: 0.963 ; loss: 0.108
2023-12-24 17:37:46,115:INFO: - Eval metrics : accuracy: 0.747 ; loss: 1.045
2023-12-24 17:37:46,143:INFO: Epoch 23/100
2023-12-24 17:37:49,827:INFO: - Train metrics: accuracy: 0.949 ; loss: 0.129
2023-12-24 17:37:50,947:INFO: - Eval metrics : accuracy: 0.759 ; loss: 0.974
2023-12-24 17:37:50,973:INFO: Epoch 24/100
2023-12-24 17:37:54,847:INFO: - Train metrics: accuracy: 0.949 ; loss: 0.136
2023-12-24 17:37:55,891:INFO: - Eval metrics : accuracy: 0.749 ; loss: 1.062
2023-12-24 17:37:55,914:INFO: Epoch 25/100
2023-12-24 17:37:59,654:INFO: - Train metrics: accuracy: 0.973 ; loss: 0.085
2023-12-24 17:38:00,845:INFO: - Eval metrics : accuracy: 0.758 ; loss: 1.031
2023-12-24 17:38:00,872:INFO: Epoch 26/100
2023-12-24 17:38:04,675:INFO: - Train metrics: accuracy: 0.969 ; loss: 0.096
2023-12-24 17:38:05,775:INFO: - Eval metrics : accuracy: 0.763 ; loss: 1.019
2023-12-24 17:38:05,803:INFO: Epoch 27/100
2023-12-24 17:38:09,408:INFO: - Train metrics: accuracy: 0.973 ; loss: 0.086
2023-12-24 17:38:10,494:INFO: - Eval metrics : accuracy: 0.762 ; loss: 1.035
2023-12-24 17:38:10,517:INFO: Epoch 28/100
2023-12-24 17:38:14,462:INFO: - Train metrics: accuracy: 0.969 ; loss: 0.117
2023-12-24 17:38:15,501:INFO: - Eval metrics : accuracy: 0.758 ; loss: 1.089
2023-12-24 17:38:15,523:INFO: Epoch 29/100
2023-12-24 17:38:18,904:INFO: - Train metrics: accuracy: 0.971 ; loss: 0.097
2023-12-24 17:38:19,913:INFO: - Eval metrics : accuracy: 0.746 ; loss: 1.171
2023-12-24 17:38:19,936:INFO: Epoch 30/100
2023-12-24 17:38:23,573:INFO: - Train metrics: accuracy: 0.965 ; loss: 0.093
2023-12-24 17:38:24,581:INFO: - Eval metrics : accuracy: 0.757 ; loss: 1.106
2023-12-24 17:38:24,609:INFO: Epoch 31/100
2023-12-24 17:38:28,117:INFO: - Train metrics: accuracy: 0.982 ; loss: 0.057
2023-12-24 17:38:29,130:INFO: - Eval metrics : accuracy: 0.755 ; loss: 1.154
2023-12-24 17:38:29,153:INFO: Epoch 32/100
2023-12-24 17:38:32,848:INFO: - Train metrics: accuracy: 0.971 ; loss: 0.077
2023-12-24 17:38:33,893:INFO: - Eval metrics : accuracy: 0.757 ; loss: 1.143
2023-12-24 17:38:33,915:INFO: Epoch 33/100
2023-12-24 17:38:37,367:INFO: - Train metrics: accuracy: 0.963 ; loss: 0.097
2023-12-24 17:38:38,405:INFO: - Eval metrics : accuracy: 0.762 ; loss: 1.104
2023-12-24 17:38:38,429:INFO: Epoch 34/100
2023-12-24 17:38:42,232:INFO: - Train metrics: accuracy: 0.971 ; loss: 0.087
2023-12-24 17:38:43,253:INFO: - Eval metrics : accuracy: 0.760 ; loss: 1.162
2023-12-24 17:38:43,270:INFO: Epoch 35/100
2023-12-24 17:38:46,857:INFO: - Train metrics: accuracy: 0.979 ; loss: 0.058
2023-12-24 17:38:47,848:INFO: - Eval metrics : accuracy: 0.759 ; loss: 1.150
2023-12-24 17:38:47,877:INFO: Epoch 36/100
2023-12-24 17:38:51,483:INFO: - Train metrics: accuracy: 0.980 ; loss: 0.051
2023-12-24 17:38:52,520:INFO: - Eval metrics : accuracy: 0.756 ; loss: 1.205
2023-12-24 17:38:52,548:INFO: Epoch 37/100
2023-12-24 17:38:56,088:INFO: - Train metrics: accuracy: 0.975 ; loss: 0.069
2023-12-24 17:38:57,145:INFO: - Eval metrics : accuracy: 0.741 ; loss: 1.322
2023-12-24 17:38:57,168:INFO: Epoch 38/100
2023-12-24 17:39:00,939:INFO: - Train metrics: accuracy: 0.979 ; loss: 0.055
2023-12-24 17:39:01,995:INFO: - Eval metrics : accuracy: 0.747 ; loss: 1.235
2023-12-24 17:39:02,010:INFO: Epoch 39/100
2023-12-24 17:39:05,607:INFO: - Train metrics: accuracy: 0.980 ; loss: 0.053
2023-12-24 17:39:06,649:INFO: - Eval metrics : accuracy: 0.759 ; loss: 1.276
2023-12-24 17:39:06,676:INFO: Epoch 40/100
2023-12-24 17:39:10,511:INFO: - Train metrics: accuracy: 0.971 ; loss: 0.074
2023-12-24 17:39:11,507:INFO: - Eval metrics : accuracy: 0.739 ; loss: 1.356
2023-12-24 17:39:11,537:INFO: Epoch 41/100
2023-12-24 17:39:15,172:INFO: - Train metrics: accuracy: 0.975 ; loss: 0.064
2023-12-24 17:39:16,527:INFO: - Eval metrics : accuracy: 0.764 ; loss: 1.220
2023-12-24 17:39:16,583:INFO: Epoch 42/100
2023-12-24 17:39:20,513:INFO: - Train metrics: accuracy: 0.984 ; loss: 0.064
2023-12-24 17:39:21,579:INFO: - Eval metrics : accuracy: 0.751 ; loss: 1.278
2023-12-24 17:39:21,608:INFO: Epoch 43/100
2023-12-24 17:39:25,376:INFO: - Train metrics: accuracy: 0.971 ; loss: 0.064
2023-12-24 17:39:26,574:INFO: - Eval metrics : accuracy: 0.756 ; loss: 1.302
2023-12-24 17:39:26,615:INFO: Epoch 44/100
2023-12-24 17:39:30,187:INFO: - Train metrics: accuracy: 0.979 ; loss: 0.056
2023-12-24 17:39:31,357:INFO: - Eval metrics : accuracy: 0.759 ; loss: 1.326
2023-12-24 17:39:31,387:INFO: Epoch 45/100
2023-12-24 17:39:35,227:INFO: - Train metrics: accuracy: 0.975 ; loss: 0.061
2023-12-24 17:39:36,375:INFO: - Eval metrics : accuracy: 0.763 ; loss: 1.270
2023-12-24 17:39:36,406:INFO: Epoch 46/100
2023-12-24 17:39:40,154:INFO: - Train metrics: accuracy: 0.982 ; loss: 0.048
2023-12-24 17:39:41,470:INFO: - Eval metrics : accuracy: 0.759 ; loss: 1.275
2023-12-24 17:39:41,490:INFO: Epoch 47/100
2023-12-24 17:39:45,281:INFO: - Train metrics: accuracy: 0.977 ; loss: 0.087
2023-12-24 17:39:46,391:INFO: - Eval metrics : accuracy: 0.755 ; loss: 1.332
2023-12-24 17:39:46,417:INFO: Epoch 48/100
2023-12-24 17:39:50,105:INFO: - Train metrics: accuracy: 0.980 ; loss: 0.049
2023-12-24 17:39:51,303:INFO: - Eval metrics : accuracy: 0.754 ; loss: 1.314
2023-12-24 17:39:51,333:INFO: Epoch 49/100
2023-12-24 17:39:55,286:INFO: - Train metrics: accuracy: 0.975 ; loss: 0.072
2023-12-24 17:39:56,508:INFO: - Eval metrics : accuracy: 0.755 ; loss: 1.387
2023-12-24 17:39:56,537:INFO: Epoch 50/100
2023-12-24 17:40:00,328:INFO: - Train metrics: accuracy: 0.977 ; loss: 0.065
2023-12-24 17:40:01,658:INFO: - Eval metrics : accuracy: 0.759 ; loss: 1.336
2023-12-24 17:40:01,697:INFO: Epoch 51/100
2023-12-24 17:40:05,847:INFO: - Train metrics: accuracy: 0.977 ; loss: 0.052
2023-12-24 17:40:07,082:INFO: - Eval metrics : accuracy: 0.761 ; loss: 1.293
2023-12-24 17:40:07,115:INFO: Epoch 52/100
2023-12-24 17:40:10,941:INFO: - Train metrics: accuracy: 0.982 ; loss: 0.061
2023-12-24 17:40:12,345:INFO: - Eval metrics : accuracy: 0.759 ; loss: 1.313
2023-12-24 17:40:12,371:INFO: Epoch 53/100
2023-12-24 17:40:16,302:INFO: - Train metrics: accuracy: 0.980 ; loss: 0.050
2023-12-24 17:40:17,535:INFO: - Eval metrics : accuracy: 0.757 ; loss: 1.356
2023-12-24 17:40:17,559:INFO: Epoch 54/100
2023-12-24 17:40:21,850:INFO: - Train metrics: accuracy: 0.984 ; loss: 0.035
2023-12-24 17:40:23,048:INFO: - Eval metrics : accuracy: 0.757 ; loss: 1.417
2023-12-24 17:40:23,078:INFO: Epoch 55/100
2023-12-24 17:40:26,920:INFO: - Train metrics: accuracy: 0.984 ; loss: 0.046
2023-12-24 17:40:28,154:INFO: - Eval metrics : accuracy: 0.758 ; loss: 1.365
2023-12-24 17:40:28,184:INFO: Epoch 56/100
2023-12-24 17:40:32,294:INFO: - Train metrics: accuracy: 0.980 ; loss: 0.055
2023-12-24 17:40:33,470:INFO: - Eval metrics : accuracy: 0.757 ; loss: 1.384
2023-12-24 17:40:33,493:INFO: Epoch 57/100
2023-12-24 17:40:37,608:INFO: - Train metrics: accuracy: 0.984 ; loss: 0.045
2023-12-24 17:40:39,039:INFO: - Eval metrics : accuracy: 0.761 ; loss: 1.370
2023-12-24 17:40:39,085:INFO: Epoch 58/100
2023-12-24 17:40:43,003:INFO: - Train metrics: accuracy: 0.988 ; loss: 0.040
2023-12-24 17:40:44,201:INFO: - Eval metrics : accuracy: 0.761 ; loss: 1.376
2023-12-24 17:40:44,252:INFO: Epoch 59/100
2023-12-24 17:40:48,502:INFO: - Train metrics: accuracy: 0.979 ; loss: 0.054
2023-12-24 17:40:49,704:INFO: - Eval metrics : accuracy: 0.754 ; loss: 1.468
2023-12-24 17:40:49,730:INFO: Epoch 60/100
2023-12-24 17:40:53,622:INFO: - Train metrics: accuracy: 0.982 ; loss: 0.052
2023-12-24 17:40:54,903:INFO: - Eval metrics : accuracy: 0.760 ; loss: 1.430
2023-12-24 17:40:54,931:INFO: Epoch 61/100
2023-12-24 17:40:59,195:INFO: - Train metrics: accuracy: 0.986 ; loss: 0.043
2023-12-24 17:41:00,467:INFO: - Eval metrics : accuracy: 0.757 ; loss: 1.468
2023-12-24 17:41:00,490:INFO: Epoch 62/100
2023-12-24 17:41:04,445:INFO: - Train metrics: accuracy: 0.982 ; loss: 0.047
2023-12-24 17:41:05,694:INFO: - Eval metrics : accuracy: 0.758 ; loss: 1.443
2023-12-24 17:41:05,730:INFO: Epoch 63/100
2023-12-24 17:41:10,052:INFO: - Train metrics: accuracy: 0.977 ; loss: 0.059
2023-12-24 17:41:11,318:INFO: - Eval metrics : accuracy: 0.751 ; loss: 1.503
2023-12-24 17:41:11,340:INFO: Epoch 64/100
2023-12-24 17:41:15,397:INFO: - Train metrics: accuracy: 0.986 ; loss: 0.041
2023-12-24 17:41:16,809:INFO: - Eval metrics : accuracy: 0.758 ; loss: 1.452
2023-12-24 17:41:16,827:INFO: Epoch 65/100
2023-12-24 17:41:20,755:INFO: - Train metrics: accuracy: 0.986 ; loss: 0.039
2023-12-24 17:41:22,032:INFO: - Eval metrics : accuracy: 0.759 ; loss: 1.484
2023-12-24 17:41:22,088:INFO: Epoch 66/100
2023-12-24 17:41:25,959:INFO: - Train metrics: accuracy: 0.982 ; loss: 0.051
2023-12-24 17:41:27,157:INFO: - Eval metrics : accuracy: 0.754 ; loss: 1.498
2023-12-24 17:41:27,187:INFO: Epoch 67/100
2023-12-24 17:41:31,004:INFO: - Train metrics: accuracy: 0.980 ; loss: 0.049
2023-12-24 17:41:32,082:INFO: - Eval metrics : accuracy: 0.748 ; loss: 1.547
2023-12-24 17:41:32,162:INFO: Epoch 68/100
2023-12-24 17:41:36,227:INFO: - Train metrics: accuracy: 0.984 ; loss: 0.040
2023-12-24 17:41:37,311:INFO: - Eval metrics : accuracy: 0.754 ; loss: 1.532
2023-12-24 17:41:37,336:INFO: Epoch 69/100
2023-12-24 17:41:41,043:INFO: - Train metrics: accuracy: 0.979 ; loss: 0.059
2023-12-24 17:41:42,204:INFO: - Eval metrics : accuracy: 0.757 ; loss: 1.445
2023-12-24 17:41:42,229:INFO: Epoch 70/100
2023-12-24 17:41:46,351:INFO: - Train metrics: accuracy: 0.986 ; loss: 0.041
2023-12-24 17:41:47,468:INFO: - Eval metrics : accuracy: 0.762 ; loss: 1.462
2023-12-24 17:41:47,499:INFO: Epoch 71/100
2023-12-24 17:41:51,237:INFO: - Train metrics: accuracy: 0.982 ; loss: 0.052
2023-12-24 17:41:52,659:INFO: - Eval metrics : accuracy: 0.756 ; loss: 1.526
2023-12-24 17:41:52,689:INFO: Epoch 72/100
2023-12-24 17:41:56,494:INFO: - Train metrics: accuracy: 0.990 ; loss: 0.032
2023-12-24 17:41:57,759:INFO: - Eval metrics : accuracy: 0.757 ; loss: 1.539
2023-12-24 17:41:57,786:INFO: Epoch 73/100
2023-12-24 17:42:01,730:INFO: - Train metrics: accuracy: 0.992 ; loss: 0.033
2023-12-24 17:42:02,856:INFO: - Eval metrics : accuracy: 0.755 ; loss: 1.516
2023-12-24 17:42:02,886:INFO: Epoch 74/100
2023-12-24 17:42:06,638:INFO: - Train metrics: accuracy: 0.979 ; loss: 0.041
2023-12-24 17:42:07,815:INFO: - Eval metrics : accuracy: 0.756 ; loss: 1.530
2023-12-24 17:42:07,830:INFO: Epoch 75/100
2023-12-24 17:42:11,847:INFO: - Train metrics: accuracy: 0.980 ; loss: 0.042
2023-12-24 17:42:12,912:INFO: - Eval metrics : accuracy: 0.764 ; loss: 1.463
2023-12-24 17:42:12,936:INFO: Epoch 76/100
2023-12-24 17:42:16,684:INFO: - Train metrics: accuracy: 0.990 ; loss: 0.039
2023-12-24 17:42:17,788:INFO: - Eval metrics : accuracy: 0.757 ; loss: 1.532
2023-12-24 17:42:17,815:INFO: Epoch 77/100
2023-12-24 17:42:21,962:INFO: - Train metrics: accuracy: 0.979 ; loss: 0.048
2023-12-24 17:42:23,153:INFO: - Eval metrics : accuracy: 0.762 ; loss: 1.534
2023-12-24 17:42:23,186:INFO: Epoch 78/100
2023-12-24 17:42:27,004:INFO: - Train metrics: accuracy: 0.982 ; loss: 0.034
2023-12-24 17:42:28,134:INFO: - Eval metrics : accuracy: 0.754 ; loss: 1.553
2023-12-24 17:42:28,161:INFO: Epoch 79/100
2023-12-24 17:42:32,254:INFO: - Train metrics: accuracy: 0.992 ; loss: 0.030
2023-12-24 17:42:33,324:INFO: - Eval metrics : accuracy: 0.757 ; loss: 1.548
2023-12-24 17:42:33,351:INFO: Epoch 80/100
2023-12-24 17:42:37,033:INFO: - Train metrics: accuracy: 0.998 ; loss: 0.016
2023-12-24 17:42:38,433:INFO: - Eval metrics : accuracy: 0.753 ; loss: 1.606
2023-12-24 17:42:38,458:INFO: Epoch 81/100
2023-12-24 17:42:42,353:INFO: - Train metrics: accuracy: 0.984 ; loss: 0.039
2023-12-24 17:42:43,530:INFO: - Eval metrics : accuracy: 0.761 ; loss: 1.578
2023-12-24 17:42:43,561:INFO: Epoch 82/100
2023-12-24 17:42:47,673:INFO: - Train metrics: accuracy: 0.986 ; loss: 0.029
2023-12-24 17:42:48,835:INFO: - Eval metrics : accuracy: 0.763 ; loss: 1.577
2023-12-24 17:42:48,861:INFO: Epoch 83/100
2023-12-24 17:42:52,713:INFO: - Train metrics: accuracy: 0.986 ; loss: 0.046
2023-12-24 17:42:53,983:INFO: - Eval metrics : accuracy: 0.767 ; loss: 1.459
2023-12-24 17:42:54,015:INFO: - Found new best accuracy
2023-12-24 17:42:54,024:INFO: Epoch 84/100
2023-12-24 17:42:58,210:INFO: - Train metrics: accuracy: 0.984 ; loss: 0.036
2023-12-24 17:42:59,282:INFO: - Eval metrics : accuracy: 0.753 ; loss: 1.572
2023-12-24 17:42:59,309:INFO: Epoch 85/100
2023-12-24 17:43:03,071:INFO: - Train metrics: accuracy: 0.988 ; loss: 0.037
2023-12-24 17:43:04,278:INFO: - Eval metrics : accuracy: 0.757 ; loss: 1.531
2023-12-24 17:43:04,296:INFO: Epoch 86/100
2023-12-24 17:43:08,384:INFO: - Train metrics: accuracy: 0.996 ; loss: 0.028
2023-12-24 17:43:09,560:INFO: - Eval metrics : accuracy: 0.750 ; loss: 1.635
2023-12-24 17:43:09,581:INFO: Epoch 87/100
2023-12-24 17:43:13,689:INFO: - Train metrics: accuracy: 0.992 ; loss: 0.026
2023-12-24 17:43:15,088:INFO: - Eval metrics : accuracy: 0.753 ; loss: 1.611
2023-12-24 17:43:15,103:INFO: Epoch 88/100
2023-12-24 17:43:18,760:INFO: - Train metrics: accuracy: 0.992 ; loss: 0.025
2023-12-24 17:43:20,018:INFO: - Eval metrics : accuracy: 0.754 ; loss: 1.641
2023-12-24 17:43:20,036:INFO: Epoch 89/100
2023-12-24 17:43:24,050:INFO: - Train metrics: accuracy: 0.990 ; loss: 0.027
2023-12-24 17:43:25,194:INFO: - Eval metrics : accuracy: 0.762 ; loss: 1.607
2023-12-24 17:43:25,242:INFO: Epoch 90/100
2023-12-24 17:43:29,318:INFO: - Train metrics: accuracy: 0.998 ; loss: 0.015
2023-12-24 17:43:30,493:INFO: - Eval metrics : accuracy: 0.760 ; loss: 1.569
2023-12-24 17:43:30,514:INFO: Epoch 91/100
2023-12-24 17:43:34,404:INFO: - Train metrics: accuracy: 0.984 ; loss: 0.047
2023-12-24 17:43:35,813:INFO: - Eval metrics : accuracy: 0.759 ; loss: 1.601
2023-12-24 17:43:35,839:INFO: Epoch 92/100
2023-12-24 17:43:39,677:INFO: - Train metrics: accuracy: 0.986 ; loss: 0.032
2023-12-24 17:43:40,789:INFO: - Eval metrics : accuracy: 0.759 ; loss: 1.562
2023-12-24 17:43:40,812:INFO: Epoch 93/100
2023-12-24 17:43:44,757:INFO: - Train metrics: accuracy: 0.988 ; loss: 0.031
2023-12-24 17:43:45,908:INFO: - Eval metrics : accuracy: 0.759 ; loss: 1.569
2023-12-24 17:43:45,933:INFO: Epoch 94/100
2023-12-24 17:43:49,547:INFO: - Train metrics: accuracy: 0.998 ; loss: 0.019
2023-12-24 17:43:50,876:INFO: - Eval metrics : accuracy: 0.763 ; loss: 1.601
2023-12-24 17:43:50,900:INFO: Epoch 95/100
2023-12-24 17:43:55,024:INFO: - Train metrics: accuracy: 0.994 ; loss: 0.023
2023-12-24 17:43:56,315:INFO: - Eval metrics : accuracy: 0.760 ; loss: 1.613
2023-12-24 17:43:56,333:INFO: Epoch 96/100
2023-12-24 17:44:00,333:INFO: - Train metrics: accuracy: 0.986 ; loss: 0.034
2023-12-24 17:44:01,580:INFO: - Eval metrics : accuracy: 0.766 ; loss: 1.583
2023-12-24 17:44:01,604:INFO: Epoch 97/100
2023-12-24 17:44:05,472:INFO: - Train metrics: accuracy: 0.994 ; loss: 0.018
2023-12-24 17:44:06,641:INFO: - Eval metrics : accuracy: 0.755 ; loss: 1.660
2023-12-24 17:44:06,668:INFO: Epoch 98/100
2023-12-24 17:44:10,751:INFO: - Train metrics: accuracy: 0.992 ; loss: 0.024
2023-12-24 17:44:12,050:INFO: - Eval metrics : accuracy: 0.757 ; loss: 1.659
2023-12-24 17:44:12,078:INFO: Epoch 99/100
2023-12-24 17:44:15,952:INFO: - Train metrics: accuracy: 0.990 ; loss: 0.029
2023-12-24 17:44:17,360:INFO: - Eval metrics : accuracy: 0.760 ; loss: 1.664
2023-12-24 17:44:17,379:INFO: Epoch 100/100
2023-12-24 17:44:21,362:INFO: - Train metrics: accuracy: 0.984 ; loss: 0.042
2023-12-24 17:44:22,435:INFO: - Eval metrics : accuracy: 0.772 ; loss: 1.533
2023-12-24 17:44:22,494:INFO: - Found new best accuracy
2024-01-10 02:03:18,858:INFO: Loading the datasets...
2024-01-10 02:03:23,137:INFO: - done.
2024-01-10 02:03:25,168:INFO: Starting training for 30 epoch(s)
2024-01-10 02:03:25,168:INFO: Epoch 1/30
2024-01-10 02:03:31,816:INFO: - Train metrics: accuracy: 0.105 ; loss: 2.442
2024-01-10 02:03:32,811:INFO: - Eval metrics : accuracy: 0.649 ; loss: 1.007
2024-01-10 02:03:32,822:INFO: - Found new best accuracy
2024-01-10 02:03:32,823:INFO: Epoch 2/30
2024-01-10 02:03:36,092:INFO: - Train metrics: accuracy: 0.607 ; loss: 1.046
2024-01-10 02:03:37,080:INFO: - Eval metrics : accuracy: 0.674 ; loss: 0.910
2024-01-10 02:03:37,094:INFO: - Found new best accuracy
2024-01-10 02:03:37,094:INFO: Epoch 3/30
2024-01-10 02:03:40,415:INFO: - Train metrics: accuracy: 0.682 ; loss: 0.931
2024-01-10 02:03:41,410:INFO: - Eval metrics : accuracy: 0.700 ; loss: 0.864
2024-01-10 02:03:41,423:INFO: - Found new best accuracy
2024-01-10 02:03:41,424:INFO: Epoch 4/30
2024-01-10 02:03:44,808:INFO: - Train metrics: accuracy: 0.770 ; loss: 0.706
2024-01-10 02:03:45,767:INFO: - Eval metrics : accuracy: 0.704 ; loss: 0.853
2024-01-10 02:03:45,775:INFO: - Found new best accuracy
2024-01-10 02:03:45,776:INFO: Epoch 5/30
2024-01-10 02:03:49,154:INFO: - Train metrics: accuracy: 0.775 ; loss: 0.648
2024-01-10 02:03:50,088:INFO: - Eval metrics : accuracy: 0.711 ; loss: 0.831
2024-01-10 02:03:50,100:INFO: - Found new best accuracy
2024-01-10 02:03:50,101:INFO: Epoch 6/30
2024-01-10 02:03:53,480:INFO: - Train metrics: accuracy: 0.822 ; loss: 0.550
2024-01-10 02:03:54,498:INFO: - Eval metrics : accuracy: 0.714 ; loss: 0.832
2024-01-10 02:03:54,510:INFO: - Found new best accuracy
2024-01-10 02:03:54,511:INFO: Epoch 7/30
2024-01-10 02:03:57,761:INFO: - Train metrics: accuracy: 0.844 ; loss: 0.481
2024-01-10 02:03:58,692:INFO: - Eval metrics : accuracy: 0.747 ; loss: 0.769
2024-01-10 02:03:58,708:INFO: - Found new best accuracy
2024-01-10 02:03:58,708:INFO: Epoch 8/30
2024-01-10 02:04:02,096:INFO: - Train metrics: accuracy: 0.867 ; loss: 0.408
2024-01-10 02:04:03,059:INFO: - Eval metrics : accuracy: 0.750 ; loss: 0.736
2024-01-10 02:04:03,067:INFO: - Found new best accuracy
2024-01-10 02:04:03,067:INFO: Epoch 9/30
2024-01-10 02:04:06,170:INFO: - Train metrics: accuracy: 0.869 ; loss: 0.370
2024-01-10 02:04:07,242:INFO: - Eval metrics : accuracy: 0.759 ; loss: 0.733
2024-01-10 02:04:07,253:INFO: - Found new best accuracy
2024-01-10 02:04:07,254:INFO: Epoch 10/30
2024-01-10 02:04:11,453:INFO: - Train metrics: accuracy: 0.877 ; loss: 0.349
2024-01-10 02:04:12,706:INFO: - Eval metrics : accuracy: 0.756 ; loss: 0.736
2024-01-10 02:04:12,717:INFO: Epoch 11/30
2024-01-10 02:04:16,217:INFO: - Train metrics: accuracy: 0.893 ; loss: 0.329
2024-01-10 02:04:17,348:INFO: - Eval metrics : accuracy: 0.753 ; loss: 0.773
2024-01-10 02:04:17,357:INFO: Epoch 12/30
2024-01-10 02:04:21,204:INFO: - Train metrics: accuracy: 0.879 ; loss: 0.336
2024-01-10 02:04:22,467:INFO: - Eval metrics : accuracy: 0.737 ; loss: 0.867
2024-01-10 02:04:22,473:INFO: Epoch 13/30
2024-01-10 02:04:26,073:INFO: - Train metrics: accuracy: 0.926 ; loss: 0.240
2024-01-10 02:04:27,393:INFO: - Eval metrics : accuracy: 0.758 ; loss: 0.790
2024-01-10 02:04:27,407:INFO: Epoch 14/30
2024-01-10 02:04:31,177:INFO: - Train metrics: accuracy: 0.930 ; loss: 0.227
2024-01-10 02:04:32,141:INFO: - Eval metrics : accuracy: 0.735 ; loss: 0.901
2024-01-10 02:04:32,155:INFO: Epoch 15/30
2024-01-10 02:04:35,724:INFO: - Train metrics: accuracy: 0.914 ; loss: 0.235
2024-01-10 02:04:36,703:INFO: - Eval metrics : accuracy: 0.732 ; loss: 1.031
2024-01-10 02:04:36,712:INFO: Epoch 16/30
2024-01-10 02:04:40,559:INFO: - Train metrics: accuracy: 0.914 ; loss: 0.226
2024-01-10 02:04:41,797:INFO: - Eval metrics : accuracy: 0.749 ; loss: 0.897
2024-01-10 02:04:41,808:INFO: Epoch 17/30
2024-01-10 02:04:45,065:INFO: - Train metrics: accuracy: 0.930 ; loss: 0.211
2024-01-10 02:04:45,990:INFO: - Eval metrics : accuracy: 0.762 ; loss: 0.853
2024-01-10 02:04:46,001:INFO: - Found new best accuracy
2024-01-10 02:04:46,002:INFO: Epoch 18/30
2024-01-10 02:04:49,425:INFO: - Train metrics: accuracy: 0.949 ; loss: 0.145
2024-01-10 02:04:50,394:INFO: - Eval metrics : accuracy: 0.759 ; loss: 0.896
2024-01-10 02:04:50,401:INFO: Epoch 19/30
2024-01-10 02:04:53,906:INFO: - Train metrics: accuracy: 0.957 ; loss: 0.122
2024-01-10 02:04:54,939:INFO: - Eval metrics : accuracy: 0.739 ; loss: 1.007
2024-01-10 02:04:54,949:INFO: Epoch 20/30
2024-01-10 02:04:58,472:INFO: - Train metrics: accuracy: 0.953 ; loss: 0.158
2024-01-10 02:04:59,494:INFO: - Eval metrics : accuracy: 0.751 ; loss: 0.951
2024-01-10 02:04:59,500:INFO: Epoch 21/30
2024-01-10 02:05:03,221:INFO: - Train metrics: accuracy: 0.945 ; loss: 0.169
2024-01-10 02:05:04,200:INFO: - Eval metrics : accuracy: 0.758 ; loss: 0.925
2024-01-10 02:05:04,209:INFO: Epoch 22/30
2024-01-10 02:05:07,504:INFO: - Train metrics: accuracy: 0.957 ; loss: 0.110
2024-01-10 02:05:08,421:INFO: - Eval metrics : accuracy: 0.756 ; loss: 1.018
2024-01-10 02:05:08,432:INFO: Epoch 23/30
2024-01-10 02:05:11,744:INFO: - Train metrics: accuracy: 0.967 ; loss: 0.127
2024-01-10 02:05:12,695:INFO: - Eval metrics : accuracy: 0.761 ; loss: 0.987
2024-01-10 02:05:12,706:INFO: Epoch 24/30
2024-01-10 02:05:16,030:INFO: - Train metrics: accuracy: 0.959 ; loss: 0.114
2024-01-10 02:05:16,968:INFO: - Eval metrics : accuracy: 0.757 ; loss: 0.994
2024-01-10 02:05:16,979:INFO: Epoch 25/30
2024-01-10 02:05:20,186:INFO: - Train metrics: accuracy: 0.959 ; loss: 0.118
2024-01-10 02:05:21,136:INFO: - Eval metrics : accuracy: 0.745 ; loss: 1.115
2024-01-10 02:05:21,144:INFO: Epoch 26/30
2024-01-10 02:05:24,406:INFO: - Train metrics: accuracy: 0.967 ; loss: 0.109
2024-01-10 02:05:25,318:INFO: - Eval metrics : accuracy: 0.743 ; loss: 1.133
2024-01-10 02:05:25,329:INFO: Epoch 27/30
2024-01-10 02:05:28,675:INFO: - Train metrics: accuracy: 0.971 ; loss: 0.100
2024-01-10 02:05:29,596:INFO: - Eval metrics : accuracy: 0.751 ; loss: 1.101
2024-01-10 02:05:29,609:INFO: Epoch 28/30
2024-01-10 02:05:33,053:INFO: - Train metrics: accuracy: 0.971 ; loss: 0.100
2024-01-10 02:05:33,988:INFO: - Eval metrics : accuracy: 0.759 ; loss: 1.078
2024-01-10 02:05:33,995:INFO: Epoch 29/30
2024-01-10 02:05:37,257:INFO: - Train metrics: accuracy: 0.969 ; loss: 0.091
2024-01-10 02:05:38,194:INFO: - Eval metrics : accuracy: 0.752 ; loss: 1.120
2024-01-10 02:05:38,205:INFO: Epoch 30/30
2024-01-10 02:05:41,577:INFO: - Train metrics: accuracy: 0.973 ; loss: 0.098
2024-01-10 02:05:42,524:INFO: - Eval metrics : accuracy: 0.760 ; loss: 1.113
2024-01-10 07:17:54,943:INFO: Loading the datasets...
2024-01-10 07:17:59,293:INFO: - done.
2024-01-10 07:18:01,827:INFO: Starting training for 30 epoch(s)
2024-01-10 07:18:01,827:INFO: Epoch 1/30
2024-01-10 07:18:08,390:INFO: - Train metrics: accuracy: 0.105 ; loss: 2.442
2024-01-10 07:18:09,257:INFO: - Eval metrics : accuracy: 0.648 ; loss: 1.010
2024-01-10 07:18:09,268:INFO: - Found new best accuracy
2024-01-10 07:18:09,269:INFO: Epoch 2/30
2024-01-10 07:18:12,678:INFO: - Train metrics: accuracy: 0.600 ; loss: 1.056
2024-01-10 07:18:13,583:INFO: - Eval metrics : accuracy: 0.678 ; loss: 0.897
2024-01-10 07:18:13,592:INFO: - Found new best accuracy
2024-01-10 07:18:13,592:INFO: Epoch 3/30
2024-01-10 07:18:17,135:INFO: - Train metrics: accuracy: 0.672 ; loss: 0.928
2024-01-10 07:18:17,982:INFO: - Eval metrics : accuracy: 0.700 ; loss: 0.864
2024-01-10 07:18:17,995:INFO: - Found new best accuracy
2024-01-10 07:18:17,995:INFO: Epoch 4/30
2024-01-10 07:18:21,530:INFO: - Train metrics: accuracy: 0.760 ; loss: 0.711
2024-01-10 07:18:22,376:INFO: - Eval metrics : accuracy: 0.694 ; loss: 0.885
2024-01-10 07:18:22,387:INFO: Epoch 5/30
2024-01-10 07:18:25,866:INFO: - Train metrics: accuracy: 0.779 ; loss: 0.645
2024-01-10 07:18:26,721:INFO: - Eval metrics : accuracy: 0.718 ; loss: 0.813
2024-01-10 07:18:26,734:INFO: - Found new best accuracy
2024-01-10 07:18:26,735:INFO: Epoch 6/30
2024-01-10 07:18:30,100:INFO: - Train metrics: accuracy: 0.812 ; loss: 0.554
2024-01-10 07:18:31,091:INFO: - Eval metrics : accuracy: 0.740 ; loss: 0.757
2024-01-10 07:18:31,100:INFO: - Found new best accuracy
2024-01-10 07:18:31,101:INFO: Epoch 7/30
2024-01-10 07:18:34,357:INFO: - Train metrics: accuracy: 0.844 ; loss: 0.471
2024-01-10 07:18:35,248:INFO: - Eval metrics : accuracy: 0.757 ; loss: 0.730
2024-01-10 07:18:35,263:INFO: - Found new best accuracy
2024-01-10 07:18:35,263:INFO: Epoch 8/30
2024-01-10 07:18:38,819:INFO: - Train metrics: accuracy: 0.867 ; loss: 0.393
2024-01-10 07:18:39,706:INFO: - Eval metrics : accuracy: 0.749 ; loss: 0.752
2024-01-10 07:18:39,713:INFO: Epoch 9/30
2024-01-10 07:18:42,907:INFO: - Train metrics: accuracy: 0.871 ; loss: 0.378
2024-01-10 07:18:43,886:INFO: - Eval metrics : accuracy: 0.739 ; loss: 0.791
2024-01-10 07:18:43,898:INFO: Epoch 10/30
2024-01-10 07:18:47,165:INFO: - Train metrics: accuracy: 0.887 ; loss: 0.333
2024-01-10 07:18:48,015:INFO: - Eval metrics : accuracy: 0.756 ; loss: 0.752
2024-01-10 07:18:48,022:INFO: Epoch 11/30
2024-01-10 07:18:51,255:INFO: - Train metrics: accuracy: 0.875 ; loss: 0.331
2024-01-10 07:18:52,108:INFO: - Eval metrics : accuracy: 0.756 ; loss: 0.768
2024-01-10 07:18:52,117:INFO: Epoch 12/30
2024-01-10 07:18:55,380:INFO: - Train metrics: accuracy: 0.895 ; loss: 0.317
2024-01-10 07:18:56,248:INFO: - Eval metrics : accuracy: 0.748 ; loss: 0.796
2024-01-10 07:18:56,259:INFO: Epoch 13/30
2024-01-10 07:18:59,388:INFO: - Train metrics: accuracy: 0.924 ; loss: 0.222
2024-01-10 07:19:00,239:INFO: - Eval metrics : accuracy: 0.759 ; loss: 0.786
2024-01-10 07:19:00,250:INFO: - Found new best accuracy
2024-01-10 07:19:00,250:INFO: Epoch 14/30
2024-01-10 07:19:03,587:INFO: - Train metrics: accuracy: 0.936 ; loss: 0.219
2024-01-10 07:19:04,476:INFO: - Eval metrics : accuracy: 0.762 ; loss: 0.780
2024-01-10 07:19:04,490:INFO: - Found new best accuracy
2024-01-10 07:19:04,490:INFO: Epoch 15/30
2024-01-10 07:19:07,825:INFO: - Train metrics: accuracy: 0.920 ; loss: 0.245
2024-01-10 07:19:08,631:INFO: - Eval metrics : accuracy: 0.734 ; loss: 0.977
2024-01-10 07:19:08,640:INFO: Epoch 16/30
2024-01-10 07:19:11,852:INFO: - Train metrics: accuracy: 0.936 ; loss: 0.208
2024-01-10 07:19:12,718:INFO: - Eval metrics : accuracy: 0.743 ; loss: 0.937
2024-01-10 07:19:12,727:INFO: Epoch 17/30
2024-01-10 07:19:15,904:INFO: - Train metrics: accuracy: 0.934 ; loss: 0.188
2024-01-10 07:19:16,779:INFO: - Eval metrics : accuracy: 0.757 ; loss: 0.889
2024-01-10 07:19:16,786:INFO: Epoch 18/30
2024-01-10 07:19:20,051:INFO: - Train metrics: accuracy: 0.941 ; loss: 0.175
2024-01-10 07:19:20,889:INFO: - Eval metrics : accuracy: 0.762 ; loss: 0.879
2024-01-10 07:19:20,901:INFO: - Found new best accuracy
2024-01-10 07:19:20,902:INFO: Epoch 19/30
2024-01-10 07:19:24,028:INFO: - Train metrics: accuracy: 0.961 ; loss: 0.119
2024-01-10 07:19:24,882:INFO: - Eval metrics : accuracy: 0.757 ; loss: 0.932
2024-01-10 07:19:24,894:INFO: Epoch 20/30
2024-01-10 07:19:28,119:INFO: - Train metrics: accuracy: 0.938 ; loss: 0.174
2024-01-10 07:19:28,996:INFO: - Eval metrics : accuracy: 0.761 ; loss: 0.891
2024-01-10 07:19:29,009:INFO: Epoch 21/30
2024-01-10 07:19:32,147:INFO: - Train metrics: accuracy: 0.959 ; loss: 0.152
2024-01-10 07:19:33,137:INFO: - Eval metrics : accuracy: 0.752 ; loss: 0.954
2024-01-10 07:19:33,148:INFO: Epoch 22/30
2024-01-10 07:19:36,400:INFO: - Train metrics: accuracy: 0.961 ; loss: 0.111
2024-01-10 07:19:37,317:INFO: - Eval metrics : accuracy: 0.755 ; loss: 0.986
2024-01-10 07:19:37,329:INFO: Epoch 23/30
2024-01-10 07:19:40,546:INFO: - Train metrics: accuracy: 0.967 ; loss: 0.106
2024-01-10 07:19:41,523:INFO: - Eval metrics : accuracy: 0.759 ; loss: 1.000
2024-01-10 07:19:41,536:INFO: Epoch 24/30
2024-01-10 07:19:45,409:INFO: - Train metrics: accuracy: 0.975 ; loss: 0.092
2024-01-10 07:19:46,382:INFO: - Eval metrics : accuracy: 0.755 ; loss: 1.006
2024-01-10 07:19:46,391:INFO: Epoch 25/30
2024-01-10 07:19:50,120:INFO: - Train metrics: accuracy: 0.959 ; loss: 0.115
2024-01-10 07:19:51,320:INFO: - Eval metrics : accuracy: 0.745 ; loss: 1.091
2024-01-10 07:19:51,334:INFO: Epoch 26/30
2024-01-10 07:19:55,347:INFO: - Train metrics: accuracy: 0.936 ; loss: 0.140
2024-01-10 07:19:56,199:INFO: - Eval metrics : accuracy: 0.757 ; loss: 1.065
2024-01-10 07:19:56,212:INFO: Epoch 27/30
2024-01-10 07:20:00,109:INFO: - Train metrics: accuracy: 0.971 ; loss: 0.086
2024-01-10 07:20:01,066:INFO: - Eval metrics : accuracy: 0.758 ; loss: 1.064
2024-01-10 07:20:01,076:INFO: Epoch 28/30
2024-01-10 07:20:05,034:INFO: - Train metrics: accuracy: 0.967 ; loss: 0.116
2024-01-10 07:20:06,332:INFO: - Eval metrics : accuracy: 0.765 ; loss: 1.014
2024-01-10 07:20:06,343:INFO: - Found new best accuracy
2024-01-10 07:20:06,343:INFO: Epoch 29/30
2024-01-10 07:20:10,172:INFO: - Train metrics: accuracy: 0.963 ; loss: 0.111
2024-01-10 07:20:11,369:INFO: - Eval metrics : accuracy: 0.751 ; loss: 1.139
2024-01-10 07:20:11,379:INFO: Epoch 30/30
2024-01-10 07:20:15,142:INFO: - Train metrics: accuracy: 0.975 ; loss: 0.075
2024-01-10 07:20:16,215:INFO: - Eval metrics : accuracy: 0.755 ; loss: 1.115
