2023-12-24 00:20:34,000:INFO: Loading the datasets...
2023-12-24 00:20:37,957:INFO: - done.
2023-12-24 00:20:40,776:INFO: Experiment - model version: cnn_distill
2023-12-24 00:20:40,776:INFO: Starting training for 30 epoch(s)
2023-12-24 00:20:40,776:INFO: First, loading the teacher model and computing its outputs...
2023-12-24 00:20:40,777:INFO: Epoch 1/30
2023-12-24 00:20:55,576:INFO: - Train metrics: accuracy: 0.393 ; loss: 0.349
2023-12-24 00:20:57,116:INFO: - Eval metrics : accuracy: 0.584 ; loss: 0.000
2023-12-24 00:20:57,146:INFO: - Found new best accuracy
2023-12-24 00:20:57,148:INFO: Epoch 2/30
2023-12-24 00:21:08,485:INFO: - Train metrics: accuracy: 0.600 ; loss: 0.244
2023-12-24 00:21:09,725:INFO: - Eval metrics : accuracy: 0.683 ; loss: 0.000
2023-12-24 00:21:09,749:INFO: - Found new best accuracy
2023-12-24 00:21:09,769:INFO: Epoch 3/30
2023-12-24 00:21:21,161:INFO: - Train metrics: accuracy: 0.658 ; loss: 0.202
2023-12-24 00:21:22,211:INFO: - Eval metrics : accuracy: 0.721 ; loss: 0.000
2023-12-24 00:21:22,254:INFO: - Found new best accuracy
2023-12-24 00:21:22,254:INFO: Epoch 4/30
2023-12-24 00:21:32,183:INFO: - Train metrics: accuracy: 0.682 ; loss: 0.185
2023-12-24 00:21:33,430:INFO: - Eval metrics : accuracy: 0.732 ; loss: 0.000
2023-12-24 00:21:33,457:INFO: - Found new best accuracy
2023-12-24 00:21:33,457:INFO: Epoch 5/30
2023-12-24 00:21:44,137:INFO: - Train metrics: accuracy: 0.756 ; loss: 0.171
2023-12-24 00:21:45,793:INFO: - Eval metrics : accuracy: 0.756 ; loss: 0.000
2023-12-24 00:21:45,828:INFO: - Found new best accuracy
2023-12-24 00:21:45,828:INFO: Epoch 6/30
2023-12-24 00:21:56,617:INFO: - Train metrics: accuracy: 0.719 ; loss: 0.159
2023-12-24 00:21:58,482:INFO: - Eval metrics : accuracy: 0.764 ; loss: 0.000
2023-12-24 00:21:58,508:INFO: - Found new best accuracy
2023-12-24 00:21:58,510:INFO: Epoch 7/30
2023-12-24 00:22:09,881:INFO: - Train metrics: accuracy: 0.709 ; loss: 0.163
2023-12-24 00:22:12,018:INFO: - Eval metrics : accuracy: 0.766 ; loss: 0.000
2023-12-24 00:22:12,050:INFO: - Found new best accuracy
2023-12-24 00:22:12,051:INFO: Epoch 8/30
2023-12-24 00:22:23,154:INFO: - Train metrics: accuracy: 0.754 ; loss: 0.148
2023-12-24 00:22:24,912:INFO: - Eval metrics : accuracy: 0.785 ; loss: 0.000
2023-12-24 00:22:24,938:INFO: - Found new best accuracy
2023-12-24 00:22:24,939:INFO: Epoch 9/30
2023-12-24 00:22:35,193:INFO: - Train metrics: accuracy: 0.793 ; loss: 0.137
2023-12-24 00:22:37,012:INFO: - Eval metrics : accuracy: 0.793 ; loss: 0.000
2023-12-24 00:22:37,056:INFO: - Found new best accuracy
2023-12-24 00:22:37,074:INFO: Epoch 10/30
2023-12-24 00:22:47,980:INFO: - Train metrics: accuracy: 0.777 ; loss: 0.136
2023-12-24 00:22:49,999:INFO: - Eval metrics : accuracy: 0.774 ; loss: 0.000
2023-12-24 00:22:50,037:INFO: Epoch 11/30
2023-12-24 00:23:00,933:INFO: - Train metrics: accuracy: 0.758 ; loss: 0.145
2023-12-24 00:23:02,619:INFO: - Eval metrics : accuracy: 0.793 ; loss: 0.000
2023-12-24 00:23:02,639:INFO: Epoch 12/30
2023-12-24 00:23:13,323:INFO: - Train metrics: accuracy: 0.771 ; loss: 0.140
2023-12-24 00:23:14,988:INFO: - Eval metrics : accuracy: 0.805 ; loss: 0.000
2023-12-24 00:23:15,045:INFO: - Found new best accuracy
2023-12-24 00:23:15,046:INFO: Epoch 13/30
2023-12-24 00:23:26,751:INFO: - Train metrics: accuracy: 0.775 ; loss: 0.142
2023-12-24 00:23:28,606:INFO: - Eval metrics : accuracy: 0.810 ; loss: 0.000
2023-12-24 00:23:28,719:INFO: - Found new best accuracy
2023-12-24 00:23:28,749:INFO: Epoch 14/30
2023-12-24 00:23:40,396:INFO: - Train metrics: accuracy: 0.760 ; loss: 0.147
2023-12-24 00:23:42,272:INFO: - Eval metrics : accuracy: 0.812 ; loss: 0.000
2023-12-24 00:23:42,321:INFO: - Found new best accuracy
2023-12-24 00:23:42,322:INFO: Epoch 15/30
2023-12-24 00:23:53,882:INFO: - Train metrics: accuracy: 0.809 ; loss: 0.121
2023-12-24 00:23:55,757:INFO: - Eval metrics : accuracy: 0.805 ; loss: 0.000
2023-12-24 00:23:55,778:INFO: Epoch 16/30
2023-12-24 00:24:07,089:INFO: - Train metrics: accuracy: 0.783 ; loss: 0.125
2023-12-24 00:24:08,798:INFO: - Eval metrics : accuracy: 0.809 ; loss: 0.000
2023-12-24 00:24:08,819:INFO: Epoch 17/30
2023-12-24 00:24:20,316:INFO: - Train metrics: accuracy: 0.799 ; loss: 0.114
2023-12-24 00:24:22,242:INFO: - Eval metrics : accuracy: 0.819 ; loss: 0.000
2023-12-24 00:24:22,269:INFO: - Found new best accuracy
2023-12-24 00:24:22,313:INFO: Epoch 18/30
2023-12-24 00:24:33,040:INFO: - Train metrics: accuracy: 0.793 ; loss: 0.119
2023-12-24 00:24:34,892:INFO: - Eval metrics : accuracy: 0.823 ; loss: 0.000
2023-12-24 00:24:34,939:INFO: - Found new best accuracy
2023-12-24 00:24:34,940:INFO: Epoch 19/30
2023-12-24 00:24:46,184:INFO: - Train metrics: accuracy: 0.814 ; loss: 0.110
2023-12-24 00:24:48,303:INFO: - Eval metrics : accuracy: 0.824 ; loss: 0.000
2023-12-24 00:24:48,339:INFO: - Found new best accuracy
2023-12-24 00:24:48,340:INFO: Epoch 20/30
2023-12-24 00:25:00,316:INFO: - Train metrics: accuracy: 0.793 ; loss: 0.116
2023-12-24 00:25:02,204:INFO: - Eval metrics : accuracy: 0.826 ; loss: 0.000
2023-12-24 00:25:02,249:INFO: - Found new best accuracy
2023-12-24 00:25:02,249:INFO: Epoch 21/30
2023-12-24 00:25:13,575:INFO: - Train metrics: accuracy: 0.826 ; loss: 0.107
2023-12-24 00:25:15,257:INFO: - Eval metrics : accuracy: 0.812 ; loss: 0.000
2023-12-24 00:25:15,283:INFO: Epoch 22/30
2023-12-24 00:25:27,887:INFO: - Train metrics: accuracy: 0.787 ; loss: 0.117
2023-12-24 00:25:29,873:INFO: - Eval metrics : accuracy: 0.833 ; loss: 0.000
2023-12-24 00:25:29,920:INFO: - Found new best accuracy
2023-12-24 00:25:29,921:INFO: Epoch 23/30
2023-12-24 00:25:40,666:INFO: - Train metrics: accuracy: 0.838 ; loss: 0.102
2023-12-24 00:25:42,866:INFO: - Eval metrics : accuracy: 0.822 ; loss: 0.000
2023-12-24 00:25:42,901:INFO: Epoch 24/30
2023-12-24 00:25:54,080:INFO: - Train metrics: accuracy: 0.826 ; loss: 0.107
2023-12-24 00:25:55,895:INFO: - Eval metrics : accuracy: 0.827 ; loss: 0.000
2023-12-24 00:25:55,933:INFO: Epoch 25/30
2023-12-24 00:26:06,955:INFO: - Train metrics: accuracy: 0.838 ; loss: 0.100
2023-12-24 00:26:09,121:INFO: - Eval metrics : accuracy: 0.829 ; loss: 0.000
2023-12-24 00:26:09,179:INFO: Epoch 26/30
2023-12-24 00:26:20,280:INFO: - Train metrics: accuracy: 0.809 ; loss: 0.107
2023-12-24 00:26:22,453:INFO: - Eval metrics : accuracy: 0.836 ; loss: 0.000
2023-12-24 00:26:22,484:INFO: - Found new best accuracy
2023-12-24 00:26:22,486:INFO: Epoch 27/30
2023-12-24 00:26:33,063:INFO: - Train metrics: accuracy: 0.832 ; loss: 0.108
2023-12-24 00:26:34,872:INFO: - Eval metrics : accuracy: 0.842 ; loss: 0.000
2023-12-24 00:26:34,919:INFO: - Found new best accuracy
2023-12-24 00:26:34,920:INFO: Epoch 28/30
2023-12-24 00:26:45,546:INFO: - Train metrics: accuracy: 0.822 ; loss: 0.108
2023-12-24 00:26:47,260:INFO: - Eval metrics : accuracy: 0.842 ; loss: 0.000
2023-12-24 00:26:47,312:INFO: - Found new best accuracy
2023-12-24 00:26:47,324:INFO: Epoch 29/30
2023-12-24 00:26:58,520:INFO: - Train metrics: accuracy: 0.836 ; loss: 0.097
2023-12-24 00:27:00,402:INFO: - Eval metrics : accuracy: 0.833 ; loss: 0.000
2023-12-24 00:27:00,445:INFO: Epoch 30/30
2023-12-24 00:27:10,958:INFO: - Train metrics: accuracy: 0.834 ; loss: 0.099
2023-12-24 00:27:12,826:INFO: - Eval metrics : accuracy: 0.830 ; loss: 0.000
