2023-12-23 23:57:24,219:INFO: Loading the datasets...
2023-12-23 23:57:29,208:INFO: - done.
2023-12-23 23:57:32,006:INFO: Experiment - model version: cnn_distill
2023-12-23 23:57:32,006:INFO: Starting training for 30 epoch(s)
2023-12-23 23:57:32,006:INFO: First, loading the teacher model and computing its outputs...
2023-12-23 23:57:32,008:INFO: Epoch 1/30
2023-12-23 23:57:45,593:INFO: - Train metrics: accuracy: 0.396 ; loss: 0.965
2023-12-23 23:57:47,024:INFO: - Eval metrics : accuracy: 0.657 ; loss: 0.000
2023-12-23 23:57:47,051:INFO: - Found new best accuracy
2023-12-23 23:57:47,052:INFO: Epoch 2/30
2023-12-23 23:57:56,695:INFO: - Train metrics: accuracy: 0.605 ; loss: 0.632
2023-12-23 23:57:58,062:INFO: - Eval metrics : accuracy: 0.697 ; loss: 0.000
2023-12-23 23:57:58,093:INFO: - Found new best accuracy
2023-12-23 23:57:58,094:INFO: Epoch 3/30
2023-12-23 23:58:08,339:INFO: - Train metrics: accuracy: 0.680 ; loss: 0.549
2023-12-23 23:58:09,787:INFO: - Eval metrics : accuracy: 0.726 ; loss: 0.000
2023-12-23 23:58:09,841:INFO: - Found new best accuracy
2023-12-23 23:58:09,842:INFO: Epoch 4/30
2023-12-23 23:58:19,754:INFO: - Train metrics: accuracy: 0.719 ; loss: 0.537
2023-12-23 23:58:20,895:INFO: - Eval metrics : accuracy: 0.749 ; loss: 0.000
2023-12-23 23:58:20,923:INFO: - Found new best accuracy
2023-12-23 23:58:20,924:INFO: Epoch 5/30
2023-12-23 23:58:31,984:INFO: - Train metrics: accuracy: 0.721 ; loss: 0.500
2023-12-23 23:58:33,180:INFO: - Eval metrics : accuracy: 0.748 ; loss: 0.000
2023-12-23 23:58:33,196:INFO: Epoch 6/30
2023-12-23 23:58:44,286:INFO: - Train metrics: accuracy: 0.707 ; loss: 0.491
2023-12-23 23:58:45,605:INFO: - Eval metrics : accuracy: 0.783 ; loss: 0.000
2023-12-23 23:58:45,658:INFO: - Found new best accuracy
2023-12-23 23:58:45,659:INFO: Epoch 7/30
2023-12-23 23:58:56,730:INFO: - Train metrics: accuracy: 0.750 ; loss: 0.452
2023-12-23 23:58:57,916:INFO: - Eval metrics : accuracy: 0.755 ; loss: 0.000
2023-12-23 23:58:57,933:INFO: Epoch 8/30
2023-12-23 23:59:09,389:INFO: - Train metrics: accuracy: 0.732 ; loss: 0.427
2023-12-23 23:59:10,603:INFO: - Eval metrics : accuracy: 0.781 ; loss: 0.000
2023-12-23 23:59:10,637:INFO: Epoch 9/30
2023-12-23 23:59:21,575:INFO: - Train metrics: accuracy: 0.789 ; loss: 0.400
2023-12-23 23:59:22,881:INFO: - Eval metrics : accuracy: 0.787 ; loss: 0.000
2023-12-23 23:59:22,933:INFO: - Found new best accuracy
2023-12-23 23:59:22,934:INFO: Epoch 10/30
2023-12-23 23:59:34,114:INFO: - Train metrics: accuracy: 0.764 ; loss: 0.409
2023-12-23 23:59:35,389:INFO: - Eval metrics : accuracy: 0.786 ; loss: 0.000
2023-12-23 23:59:35,413:INFO: Epoch 11/30
2023-12-23 23:59:46,522:INFO: - Train metrics: accuracy: 0.801 ; loss: 0.371
2023-12-23 23:59:47,711:INFO: - Eval metrics : accuracy: 0.792 ; loss: 0.000
2023-12-23 23:59:47,734:INFO: - Found new best accuracy
2023-12-23 23:59:47,765:INFO: Epoch 12/30
2023-12-23 23:59:59,264:INFO: - Train metrics: accuracy: 0.797 ; loss: 0.383
2023-12-24 00:00:00,530:INFO: - Eval metrics : accuracy: 0.809 ; loss: 0.000
2023-12-24 00:00:00,687:INFO: - Found new best accuracy
2023-12-24 00:00:00,731:INFO: Epoch 13/30
2023-12-24 00:00:11,589:INFO: - Train metrics: accuracy: 0.789 ; loss: 0.371
2023-12-24 00:00:12,803:INFO: - Eval metrics : accuracy: 0.805 ; loss: 0.000
2023-12-24 00:00:12,826:INFO: Epoch 14/30
2023-12-24 00:00:23,908:INFO: - Train metrics: accuracy: 0.811 ; loss: 0.368
2023-12-24 00:00:25,299:INFO: - Eval metrics : accuracy: 0.814 ; loss: 0.000
2023-12-24 00:00:25,343:INFO: - Found new best accuracy
2023-12-24 00:00:25,344:INFO: Epoch 15/30
2023-12-24 00:00:36,288:INFO: - Train metrics: accuracy: 0.809 ; loss: 0.362
2023-12-24 00:00:37,454:INFO: - Eval metrics : accuracy: 0.810 ; loss: 0.000
2023-12-24 00:00:37,604:INFO: Epoch 16/30
2023-12-24 00:00:49,054:INFO: - Train metrics: accuracy: 0.816 ; loss: 0.357
2023-12-24 00:00:50,242:INFO: - Eval metrics : accuracy: 0.810 ; loss: 0.000
2023-12-24 00:00:50,283:INFO: Epoch 17/30
2023-12-24 00:01:01,769:INFO: - Train metrics: accuracy: 0.795 ; loss: 0.364
2023-12-24 00:01:02,870:INFO: - Eval metrics : accuracy: 0.814 ; loss: 0.000
2023-12-24 00:01:02,922:INFO: - Found new best accuracy
2023-12-24 00:01:02,923:INFO: Epoch 18/30
2023-12-24 00:01:13,582:INFO: - Train metrics: accuracy: 0.797 ; loss: 0.365
2023-12-24 00:01:14,729:INFO: - Eval metrics : accuracy: 0.826 ; loss: 0.000
2023-12-24 00:01:14,774:INFO: - Found new best accuracy
2023-12-24 00:01:14,775:INFO: Epoch 19/30
2023-12-24 00:01:25,851:INFO: - Train metrics: accuracy: 0.799 ; loss: 0.372
2023-12-24 00:01:27,025:INFO: - Eval metrics : accuracy: 0.824 ; loss: 0.000
2023-12-24 00:01:27,056:INFO: Epoch 20/30
2023-12-24 00:01:38,291:INFO: - Train metrics: accuracy: 0.822 ; loss: 0.342
2023-12-24 00:01:39,391:INFO: - Eval metrics : accuracy: 0.824 ; loss: 0.000
2023-12-24 00:01:39,406:INFO: Epoch 21/30
2023-12-24 00:01:49,989:INFO: - Train metrics: accuracy: 0.812 ; loss: 0.359
2023-12-24 00:01:51,082:INFO: - Eval metrics : accuracy: 0.832 ; loss: 0.000
2023-12-24 00:01:51,126:INFO: - Found new best accuracy
2023-12-24 00:01:51,127:INFO: Epoch 22/30
2023-12-24 00:02:01,974:INFO: - Train metrics: accuracy: 0.850 ; loss: 0.303
2023-12-24 00:02:03,168:INFO: - Eval metrics : accuracy: 0.827 ; loss: 0.000
2023-12-24 00:02:03,196:INFO: Epoch 23/30
2023-12-24 00:02:14,459:INFO: - Train metrics: accuracy: 0.812 ; loss: 0.332
2023-12-24 00:02:15,605:INFO: - Eval metrics : accuracy: 0.831 ; loss: 0.000
2023-12-24 00:02:15,619:INFO: Epoch 24/30
2023-12-24 00:02:26,427:INFO: - Train metrics: accuracy: 0.830 ; loss: 0.334
2023-12-24 00:02:27,633:INFO: - Eval metrics : accuracy: 0.831 ; loss: 0.000
2023-12-24 00:02:27,656:INFO: Epoch 25/30
2023-12-24 00:02:38,663:INFO: - Train metrics: accuracy: 0.844 ; loss: 0.322
2023-12-24 00:02:40,187:INFO: - Eval metrics : accuracy: 0.828 ; loss: 0.000
2023-12-24 00:02:40,217:INFO: Epoch 26/30
2023-12-24 00:02:51,241:INFO: - Train metrics: accuracy: 0.840 ; loss: 0.322
2023-12-24 00:02:52,509:INFO: - Eval metrics : accuracy: 0.836 ; loss: 0.000
2023-12-24 00:02:52,619:INFO: - Found new best accuracy
2023-12-24 00:02:52,620:INFO: Epoch 27/30
2023-12-24 00:03:03,840:INFO: - Train metrics: accuracy: 0.826 ; loss: 0.320
2023-12-24 00:03:05,003:INFO: - Eval metrics : accuracy: 0.835 ; loss: 0.000
2023-12-24 00:03:05,023:INFO: Epoch 28/30
2023-12-24 00:03:15,342:INFO: - Train metrics: accuracy: 0.836 ; loss: 0.309
2023-12-24 00:03:16,851:INFO: - Eval metrics : accuracy: 0.829 ; loss: 0.000
2023-12-24 00:03:16,888:INFO: Epoch 29/30
2023-12-24 00:03:28,055:INFO: - Train metrics: accuracy: 0.844 ; loss: 0.321
2023-12-24 00:03:29,305:INFO: - Eval metrics : accuracy: 0.836 ; loss: 0.000
2023-12-24 00:03:29,370:INFO: - Found new best accuracy
2023-12-24 00:03:29,375:INFO: Epoch 30/30
2023-12-24 00:03:40,734:INFO: - Train metrics: accuracy: 0.846 ; loss: 0.323
2023-12-24 00:03:41,868:INFO: - Eval metrics : accuracy: 0.840 ; loss: 0.000
2023-12-24 00:03:41,915:INFO: - Found new best accuracy
