2023-12-23 23:51:00,624:INFO: Loading the datasets...
2023-12-23 23:51:04,612:INFO: - done.
2023-12-23 23:51:07,742:INFO: Experiment - model version: cnn_distill
2023-12-23 23:51:07,743:INFO: Starting training for 30 epoch(s)
2023-12-23 23:51:07,743:INFO: First, loading the teacher model and computing its outputs...
2023-12-23 23:51:07,743:INFO: Epoch 1/30
2023-12-23 23:51:23,198:INFO: - Train metrics: accuracy: 0.398 ; loss: 0.921
2023-12-23 23:51:24,398:INFO: - Eval metrics : accuracy: 0.657 ; loss: 0.000
2023-12-23 23:51:24,424:INFO: - Found new best accuracy
2023-12-23 23:51:24,424:INFO: Epoch 2/30
2023-12-23 23:51:35,304:INFO: - Train metrics: accuracy: 0.607 ; loss: 0.617
2023-12-23 23:51:36,394:INFO: - Eval metrics : accuracy: 0.700 ; loss: 0.000
2023-12-23 23:51:36,440:INFO: - Found new best accuracy
2023-12-23 23:51:36,441:INFO: Epoch 3/30
2023-12-23 23:51:46,941:INFO: - Train metrics: accuracy: 0.695 ; loss: 0.523
2023-12-23 23:51:48,206:INFO: - Eval metrics : accuracy: 0.722 ; loss: 0.000
2023-12-23 23:51:48,237:INFO: - Found new best accuracy
2023-12-23 23:51:48,245:INFO: Epoch 4/30
2023-12-23 23:51:59,789:INFO: - Train metrics: accuracy: 0.715 ; loss: 0.515
2023-12-23 23:52:01,301:INFO: - Eval metrics : accuracy: 0.745 ; loss: 0.000
2023-12-23 23:52:01,346:INFO: - Found new best accuracy
2023-12-23 23:52:01,346:INFO: Epoch 5/30
2023-12-23 23:52:11,968:INFO: - Train metrics: accuracy: 0.699 ; loss: 0.485
2023-12-23 23:52:13,144:INFO: - Eval metrics : accuracy: 0.759 ; loss: 0.000
2023-12-23 23:52:13,173:INFO: - Found new best accuracy
2023-12-23 23:52:13,208:INFO: Epoch 6/30
2023-12-23 23:52:24,226:INFO: - Train metrics: accuracy: 0.707 ; loss: 0.484
2023-12-23 23:52:25,548:INFO: - Eval metrics : accuracy: 0.780 ; loss: 0.000
2023-12-23 23:52:25,576:INFO: - Found new best accuracy
2023-12-23 23:52:25,577:INFO: Epoch 7/30
2023-12-23 23:52:37,237:INFO: - Train metrics: accuracy: 0.762 ; loss: 0.437
2023-12-23 23:52:38,474:INFO: - Eval metrics : accuracy: 0.776 ; loss: 0.000
2023-12-23 23:52:38,498:INFO: Epoch 8/30
2023-12-23 23:52:49,642:INFO: - Train metrics: accuracy: 0.762 ; loss: 0.431
2023-12-23 23:52:50,912:INFO: - Eval metrics : accuracy: 0.787 ; loss: 0.000
2023-12-23 23:52:51,016:INFO: - Found new best accuracy
2023-12-23 23:52:51,028:INFO: Epoch 9/30
2023-12-23 23:53:01,737:INFO: - Train metrics: accuracy: 0.779 ; loss: 0.391
2023-12-23 23:53:03,131:INFO: - Eval metrics : accuracy: 0.794 ; loss: 0.000
2023-12-23 23:53:03,191:INFO: - Found new best accuracy
2023-12-23 23:53:03,192:INFO: Epoch 10/30
2023-12-23 23:53:14,549:INFO: - Train metrics: accuracy: 0.766 ; loss: 0.406
2023-12-23 23:53:15,886:INFO: - Eval metrics : accuracy: 0.799 ; loss: 0.000
2023-12-23 23:53:15,937:INFO: - Found new best accuracy
2023-12-23 23:53:15,937:INFO: Epoch 11/30
2023-12-23 23:53:26,857:INFO: - Train metrics: accuracy: 0.783 ; loss: 0.383
2023-12-23 23:53:28,122:INFO: - Eval metrics : accuracy: 0.778 ; loss: 0.000
2023-12-23 23:53:28,250:INFO: Epoch 12/30
2023-12-23 23:53:40,002:INFO: - Train metrics: accuracy: 0.775 ; loss: 0.388
2023-12-23 23:53:41,478:INFO: - Eval metrics : accuracy: 0.811 ; loss: 0.000
2023-12-23 23:53:41,505:INFO: - Found new best accuracy
2023-12-23 23:53:41,517:INFO: Epoch 13/30
2023-12-23 23:53:53,121:INFO: - Train metrics: accuracy: 0.793 ; loss: 0.381
2023-12-23 23:53:54,387:INFO: - Eval metrics : accuracy: 0.807 ; loss: 0.000
2023-12-23 23:53:54,411:INFO: Epoch 14/30
2023-12-23 23:54:03,749:INFO: - Train metrics: accuracy: 0.824 ; loss: 0.374
2023-12-23 23:54:04,990:INFO: - Eval metrics : accuracy: 0.812 ; loss: 0.000
2023-12-23 23:54:05,050:INFO: - Found new best accuracy
2023-12-23 23:54:05,063:INFO: Epoch 15/30
2023-12-23 23:54:16,245:INFO: - Train metrics: accuracy: 0.809 ; loss: 0.362
2023-12-23 23:54:17,640:INFO: - Eval metrics : accuracy: 0.812 ; loss: 0.000
2023-12-23 23:54:17,680:INFO: - Found new best accuracy
2023-12-23 23:54:17,689:INFO: Epoch 16/30
2023-12-23 23:54:29,017:INFO: - Train metrics: accuracy: 0.828 ; loss: 0.358
2023-12-23 23:54:30,299:INFO: - Eval metrics : accuracy: 0.816 ; loss: 0.000
2023-12-23 23:54:30,323:INFO: - Found new best accuracy
2023-12-23 23:54:30,353:INFO: Epoch 17/30
2023-12-23 23:54:39,845:INFO: - Train metrics: accuracy: 0.797 ; loss: 0.359
2023-12-23 23:54:41,162:INFO: - Eval metrics : accuracy: 0.815 ; loss: 0.000
2023-12-23 23:54:41,189:INFO: Epoch 18/30
2023-12-23 23:54:52,341:INFO: - Train metrics: accuracy: 0.797 ; loss: 0.367
2023-12-23 23:54:54,215:INFO: - Eval metrics : accuracy: 0.825 ; loss: 0.000
2023-12-23 23:54:54,240:INFO: - Found new best accuracy
2023-12-23 23:54:54,259:INFO: Epoch 19/30
2023-12-23 23:55:05,695:INFO: - Train metrics: accuracy: 0.791 ; loss: 0.387
2023-12-23 23:55:07,104:INFO: - Eval metrics : accuracy: 0.828 ; loss: 0.000
2023-12-23 23:55:07,149:INFO: - Found new best accuracy
2023-12-23 23:55:07,150:INFO: Epoch 20/30
2023-12-23 23:55:18,260:INFO: - Train metrics: accuracy: 0.789 ; loss: 0.345
2023-12-23 23:55:19,735:INFO: - Eval metrics : accuracy: 0.826 ; loss: 0.000
2023-12-23 23:55:19,753:INFO: Epoch 21/30
2023-12-23 23:55:30,669:INFO: - Train metrics: accuracy: 0.787 ; loss: 0.365
2023-12-23 23:55:31,960:INFO: - Eval metrics : accuracy: 0.829 ; loss: 0.000
2023-12-23 23:55:31,989:INFO: - Found new best accuracy
2023-12-23 23:55:32,005:INFO: Epoch 22/30
2023-12-23 23:55:43,235:INFO: - Train metrics: accuracy: 0.832 ; loss: 0.309
2023-12-23 23:55:44,436:INFO: - Eval metrics : accuracy: 0.824 ; loss: 0.000
2023-12-23 23:55:44,479:INFO: Epoch 23/30
2023-12-23 23:55:55,432:INFO: - Train metrics: accuracy: 0.840 ; loss: 0.324
2023-12-23 23:55:56,735:INFO: - Eval metrics : accuracy: 0.835 ; loss: 0.000
2023-12-23 23:55:56,776:INFO: - Found new best accuracy
2023-12-23 23:55:56,777:INFO: Epoch 24/30
2023-12-23 23:56:07,929:INFO: - Train metrics: accuracy: 0.844 ; loss: 0.322
2023-12-23 23:56:09,186:INFO: - Eval metrics : accuracy: 0.830 ; loss: 0.000
2023-12-23 23:56:09,261:INFO: Epoch 25/30
2023-12-23 23:56:20,467:INFO: - Train metrics: accuracy: 0.836 ; loss: 0.324
2023-12-23 23:56:21,978:INFO: - Eval metrics : accuracy: 0.828 ; loss: 0.000
2023-12-23 23:56:22,011:INFO: Epoch 26/30
2023-12-23 23:56:32,745:INFO: - Train metrics: accuracy: 0.822 ; loss: 0.335
2023-12-23 23:56:33,909:INFO: - Eval metrics : accuracy: 0.835 ; loss: 0.000
2023-12-23 23:56:33,930:INFO: Epoch 27/30
2023-12-23 23:56:44,776:INFO: - Train metrics: accuracy: 0.838 ; loss: 0.325
2023-12-23 23:56:46,295:INFO: - Eval metrics : accuracy: 0.834 ; loss: 0.000
2023-12-23 23:56:46,320:INFO: Epoch 28/30
2023-12-23 23:56:56,811:INFO: - Train metrics: accuracy: 0.846 ; loss: 0.314
2023-12-23 23:56:58,440:INFO: - Eval metrics : accuracy: 0.842 ; loss: 0.000
2023-12-23 23:56:58,489:INFO: - Found new best accuracy
2023-12-23 23:56:58,490:INFO: Epoch 29/30
2023-12-23 23:57:09,306:INFO: - Train metrics: accuracy: 0.828 ; loss: 0.321
2023-12-23 23:57:10,828:INFO: - Eval metrics : accuracy: 0.840 ; loss: 0.000
2023-12-23 23:57:10,860:INFO: Epoch 30/30
2023-12-23 23:57:19,568:INFO: - Train metrics: accuracy: 0.844 ; loss: 0.325
2023-12-23 23:57:20,849:INFO: - Eval metrics : accuracy: 0.834 ; loss: 0.000
